::1 - - [22/Feb/2026 16:15:31] "GET / HTTP/1.1" 304 -
::1 - - [22/Feb/2026 16:15:31] code 404, message File not found
::1 - - [22/Feb/2026 16:15:31] "GET /.well-known/appspecific/com.chrome.devtools.json HTTP/1.1" 404 -
::1 - - [22/Feb/2026 16:15:31] "GET /css/styles.css?v=4.0&t=1708638000 HTTP/1.1" 304 -
::1 - - [22/Feb/2026 16:15:31] code 404, message File not found
::1 - - [22/Feb/2026 16:15:31] code 404, message File not found
::1 - - [22/Feb/2026 16:15:31] "GET /images/events/mahapuja/2.jpg HTTP/1.1" 404 -
::1 - - [22/Feb/2026 16:15:31] "GET /images/events/mahapuja/1.jpg HTTP/1.1" 404 -
::1 - - [22/Feb/2026 16:15:31] code 404, message File not found
::1 - - [22/Feb/2026 16:15:31] "GET /images/events/mahapuja/3.jpg HTTP/1.1" 404 -
::1 - - [22/Feb/2026 16:15:31] code 404, message File not found
::1 - - [22/Feb/2026 16:15:31] "GET /images/events/annakut/1.jpg HTTP/1.1" 404 -
::1 - - [22/Feb/2026 16:15:31] code 404, message File not found
::1 - - [22/Feb/2026 16:15:31] code 404, message File not found
::1 - - [22/Feb/2026 16:15:31] "GET /images/events/annakut/2.jpg HTTP/1.1" 404 -
::1 - - [22/Feb/2026 16:15:31] "GET /images/events/annakut/3.jpg HTTP/1.1" 404 -
::1 - - [22/Feb/2026 16:15:31] code 404, message File not found
::1 - - [22/Feb/2026 16:15:31] "GET /images/events/womensconference/3.jpg HTTP/1.1" 404 -
::1 - - [22/Feb/2026 16:15:31] code 404, message File not found
::1 - - [22/Feb/2026 16:15:31] "GET /images/events/womensconference/1.jpg HTTP/1.1" 404 -
::1 - - [22/Feb/2026 16:15:31] code 404, message File not found
::1 - - [22/Feb/2026 16:15:31] "GET /images/events/womensconference/2.jpg HTTP/1.1" 404 -
::1 - - [22/Feb/2026 16:15:32] "GET / HTTP/1.1" 304 -
::1 - - [22/Feb/2026 16:15:32] code 404, message File not found
::1 - - [22/Feb/2026 16:15:32] "GET /.well-known/appspecific/com.chrome.devtools.json HTTP/1.1" 404 -
::1 - - [22/Feb/2026 16:15:32] code 404, message File not found
::1 - - [22/Feb/2026 16:15:32] "GET /images/events/mahapuja/1.jpg HTTP/1.1" 404 -
::1 - - [22/Feb/2026 16:15:32] code 404, message File not found
::1 - - [22/Feb/2026 16:15:32] "GET /images/events/annakut/1.jpg HTTP/1.1" 404 -
::1 - - [22/Feb/2026 16:15:32] code 404, message File not found
::1 - - [22/Feb/2026 16:15:32] code 404, message File not found
::1 - - [22/Feb/2026 16:15:32] "GET /images/events/mahapuja/3.jpg HTTP/1.1" 404 -
::1 - - [22/Feb/2026 16:15:32] code 404, message File not found
::1 - - [22/Feb/2026 16:15:32] code 404, message File not found
::1 - - [22/Feb/2026 16:15:32] "GET /images/events/mahapuja/2.jpg HTTP/1.1" 404 -
::1 - - [22/Feb/2026 16:15:32] "GET /images/events/annakut/2.jpg HTTP/1.1" 404 -
::1 - - [22/Feb/2026 16:15:32] "GET /images/events/annakut/3.jpg HTTP/1.1" 404 -
::1 - - [22/Feb/2026 16:15:32] code 404, message File not found
::1 - - [22/Feb/2026 16:15:32] "GET /images/events/womensconference/3.jpg HTTP/1.1" 404 -
::1 - - [22/Feb/2026 16:15:32] code 404, message File not found
::1 - - [22/Feb/2026 16:15:32] code 404, message File not found
::1 - - [22/Feb/2026 16:15:32] "GET /images/events/womensconference/1.jpg HTTP/1.1" 404 -
::1 - - [22/Feb/2026 16:15:32] "GET /images/events/womensconference/2.jpg HTTP/1.1" 404 -
::1 - - [22/Feb/2026 16:15:38] "GET / HTTP/1.1" 304 -
::1 - - [22/Feb/2026 16:15:38] code 404, message File not found
::1 - - [22/Feb/2026 16:15:38] "GET /.well-known/appspecific/com.chrome.devtools.json HTTP/1.1" 404 -
::1 - - [22/Feb/2026 16:15:38] code 404, message File not found
::1 - - [22/Feb/2026 16:15:38] "GET /images/events/mahapuja/1.jpg HTTP/1.1" 404 -
::1 - - [22/Feb/2026 16:15:38] code 404, message File not found
::1 - - [22/Feb/2026 16:15:38] "GET /images/events/mahapuja/2.jpg HTTP/1.1" 404 -
::1 - - [22/Feb/2026 16:15:38] code 404, message File not found
::1 - - [22/Feb/2026 16:15:38] code 404, message File not found
::1 - - [22/Feb/2026 16:15:38] "GET /images/events/annakut/2.jpg HTTP/1.1" 404 -
::1 - - [22/Feb/2026 16:15:38] code 404, message File not found
::1 - - [22/Feb/2026 16:15:38] code 404, message File not found
::1 - - [22/Feb/2026 16:15:38] "GET /images/events/mahapuja/3.jpg HTTP/1.1" 404 -
::1 - - [22/Feb/2026 16:15:38] code 404, message File not found
::1 - - [22/Feb/2026 16:15:38] "GET /images/events/womensconference/1.jpg HTTP/1.1" 404 -
::1 - - [22/Feb/2026 16:15:38] "GET /images/events/annakut/3.jpg HTTP/1.1" 404 -
::1 - - [22/Feb/2026 16:15:38] "GET /images/events/annakut/1.jpg HTTP/1.1" 404 -
::1 - - [22/Feb/2026 16:15:38] code 404, message File not found
::1 - - [22/Feb/2026 16:15:38] code 404, message File not found
::1 - - [22/Feb/2026 16:15:38] "GET /images/events/womensconference/2.jpg HTTP/1.1" 404 -
::1 - - [22/Feb/2026 16:15:38] "GET /images/events/womensconference/3.jpg HTTP/1.1" 404 -
::1 - - [22/Feb/2026 16:15:48] "GET / HTTP/1.1" 304 -
::1 - - [22/Feb/2026 16:15:48] code 404, message File not found
::1 - - [22/Feb/2026 16:15:48] "GET /.well-known/appspecific/com.chrome.devtools.json HTTP/1.1" 404 -
::1 - - [22/Feb/2026 16:15:48] "GET /css/styles.css?v=4.0&t=1708638000 HTTP/1.1" 304 -
::1 - - [22/Feb/2026 16:15:48] code 404, message File not found
::1 - - [22/Feb/2026 16:15:48] "GET /images/events/mahapuja/1.jpg HTTP/1.1" 404 -
::1 - - [22/Feb/2026 16:15:48] code 404, message File not found
::1 - - [22/Feb/2026 16:15:48] code 404, message File not found
::1 - - [22/Feb/2026 16:15:48] "GET /images/events/mahapuja/2.jpg HTTP/1.1" 404 -
::1 - - [22/Feb/2026 16:15:48] code 404, message File not found
::1 - - [22/Feb/2026 16:15:48] code 404, message File not found
::1 - - [22/Feb/2026 16:15:48] "GET /images/events/mahapuja/3.jpg HTTP/1.1" 404 -
::1 - - [22/Feb/2026 16:15:48] "GET /images/events/annakut/1.jpg HTTP/1.1" 404 -
::1 - - [22/Feb/2026 16:15:48] "GET /images/events/annakut/2.jpg HTTP/1.1" 404 -
::1 - - [22/Feb/2026 16:15:48] code 404, message File not found
::1 - - [22/Feb/2026 16:15:48] "GET /images/events/annakut/3.jpg HTTP/1.1" 404 -
::1 - - [22/Feb/2026 16:15:48] code 404, message File not found
::1 - - [22/Feb/2026 16:15:48] "GET /images/events/womensconference/1.jpg HTTP/1.1" 404 -
::1 - - [22/Feb/2026 16:15:48] code 404, message File not found
::1 - - [22/Feb/2026 16:15:48] code 404, message File not found
::1 - - [22/Feb/2026 16:15:48] "GET /images/events/womensconference/3.jpg HTTP/1.1" 404 -
::1 - - [22/Feb/2026 16:15:48] "GET /images/events/womensconference/2.jpg HTTP/1.1" 404 -
::1 - - [22/Feb/2026 16:15:48] "GET / HTTP/1.1" 304 -
::1 - - [22/Feb/2026 16:15:48] code 404, message File not found
::1 - - [22/Feb/2026 16:15:48] "GET /.well-known/appspecific/com.chrome.devtools.json HTTP/1.1" 404 -
::1 - - [22/Feb/2026 16:15:48] code 404, message File not found
::1 - - [22/Feb/2026 16:15:48] "GET /images/events/mahapuja/1.jpg HTTP/1.1" 404 -
::1 - - [22/Feb/2026 16:15:48] code 404, message File not found
::1 - - [22/Feb/2026 16:15:48] "GET /images/events/mahapuja/2.jpg HTTP/1.1" 404 -
::1 - - [22/Feb/2026 16:15:48] code 404, message File not found
::1 - - [22/Feb/2026 16:15:48] code 404, message File not found
::1 - - [22/Feb/2026 16:15:48] "GET /images/events/annakut/1.jpg HTTP/1.1" 404 -
::1 - - [22/Feb/2026 16:15:48] code 404, message File not found
::1 - - [22/Feb/2026 16:15:48] code 404, message File not found
::1 - - [22/Feb/2026 16:15:48] code 404, message File not found
::1 - - [22/Feb/2026 16:15:48] "GET /images/events/womensconference/1.jpg HTTP/1.1" 404 -
::1 - - [22/Feb/2026 16:15:48] "GET /images/events/mahapuja/3.jpg HTTP/1.1" 404 -
::1 - - [22/Feb/2026 16:15:48] "GET /images/events/womensconference/2.jpg HTTP/1.1" 404 -
::1 - - [22/Feb/2026 16:15:48] code 404, message File not found
::1 - - [22/Feb/2026 16:15:48] "GET /images/events/annakut/2.jpg HTTP/1.1" 404 -
::1 - - [22/Feb/2026 16:15:48] "GET /images/events/annakut/3.jpg HTTP/1.1" 404 -
::1 - - [22/Feb/2026 16:15:48] code 404, message File not found
::1 - - [22/Feb/2026 16:15:48] "GET /images/events/womensconference/3.jpg HTTP/1.1" 404 -
::1 - - [22/Feb/2026 16:15:59] "GET / HTTP/1.1" 200 -
::1 - - [22/Feb/2026 16:15:59] "GET /css/styles.css?v=4.0&t=1708638000 HTTP/1.1" 200 -
::1 - - [22/Feb/2026 16:15:59] "GET /images/temple-images/DJI_0347_Edited%20(2).png HTTP/1.1" 200 -
::1 - - [22/Feb/2026 16:15:59] "GET /images/events/events-banner.jpg HTTP/1.1" 200 -
::1 - - [22/Feb/2026 16:15:59] "GET /images/gallery/mandir-exterior.png HTTP/1.1" 200 -
::1 - - [22/Feb/2026 16:15:59] "GET /images/gallery/03_edison_diwali2024.jpg HTTP/1.1" 200 -
::1 - - [22/Feb/2026 16:15:59] "GET /images/gallery/05_edison_mahantswamiJJ_2025.jpg HTTP/1.1" 200 -
::1 - - [22/Feb/2026 16:15:59] "GET /images/gallery/Edison_Diwali2019_01.jpg HTTP/1.1" 200 -
::1 - - [22/Feb/2026 16:15:59] "GET /images/gallery/2ILPJ2JBHBFNBFTFC5HMIONBSI.jpg HTTP/1.1" 200 -
::1 - - [22/Feb/2026 16:15:59] "GET /images/gallery/unnamed.jpg HTTP/1.1" 200 -
::1 - - [22/Feb/2026 16:15:59] "GET /images/gurus/vv30-029.jpg HTTP/1.1" 200 -
::1 - - [22/Feb/2026 16:15:59] "GET /images/gurus/Mahant_Swami_Maharaj.jpg HTTP/1.1" 200 -
::1 - - [22/Feb/2026 16:15:59] "GET /images/qr-codes/1.png HTTP/1.1" 200 -
::1 - - [22/Feb/2026 16:15:59] "GET /images/qr-codes/2.png HTTP/1.1" 200 -
::1 - - [22/Feb/2026 16:15:59] code 404, message File not found
::1 - - [22/Feb/2026 16:15:59] "GET /images/events/mahapuja/1.jpg HTTP/1.1" 404 -
::1 - - [22/Feb/2026 16:15:59] code 404, message File not found
::1 - - [22/Feb/2026 16:15:59] "GET /images/events/mahapuja/2.jpg HTTP/1.1" 404 -
::1 - - [22/Feb/2026 16:15:59] code 404, message File not found
::1 - - [22/Feb/2026 16:15:59] "GET /images/events/mahapuja/3.jpg HTTP/1.1" 404 -
::1 - - [22/Feb/2026 16:15:59] "GET /images/events/chopdapujan/1.jpg HTTP/1.1" 200 -
::1 - - [22/Feb/2026 16:15:59] "GET /images/events/chopdapujan/2.jpg HTTP/1.1" 200 -
::1 - - [22/Feb/2026 16:15:59] "GET /images/events/chopdapujan/3.jpg HTTP/1.1" 200 -
::1 - - [22/Feb/2026 16:15:59] code 404, message File not found
::1 - - [22/Feb/2026 16:15:59] "GET /images/events/annakut/1.jpg HTTP/1.1" 404 -
::1 - - [22/Feb/2026 16:15:59] code 404, message File not found
::1 - - [22/Feb/2026 16:15:59] "GET /images/events/annakut/2.jpg HTTP/1.1" 404 -
::1 - - [22/Feb/2026 16:15:59] code 404, message File not found
::1 - - [22/Feb/2026 16:15:59] "GET /images/events/annakut/3.jpg HTTP/1.1" 404 -
::1 - - [22/Feb/2026 16:15:59] "GET /images/events/diwali/1.jpg HTTP/1.1" 200 -
::1 - - [22/Feb/2026 16:15:59] "GET /images/events/diwali/2.jpg HTTP/1.1" 200 -
::1 - - [22/Feb/2026 16:15:59] code 404, message File not found
::1 - - [22/Feb/2026 16:15:59] "GET /images/events/womensconference/1.jpg HTTP/1.1" 404 -
::1 - - [22/Feb/2026 16:15:59] "GET /images/events/diwali/3.jpg HTTP/1.1" 200 -
::1 - - [22/Feb/2026 16:15:59] code 404, message File not found
::1 - - [22/Feb/2026 16:15:59] "GET /images/events/womensconference/2.jpg HTTP/1.1" 404 -
::1 - - [22/Feb/2026 16:15:59] code 404, message File not found
::1 - - [22/Feb/2026 16:15:59] "GET /images/events/womensconference/3.jpg HTTP/1.1" 404 -
::1 - - [22/Feb/2026 16:15:59] "GET /images/events/blooddrive/1.jpg HTTP/1.1" 200 -
::1 - - [22/Feb/2026 16:15:59] "GET /images/events/blooddrive/2.jpg HTTP/1.1" 200 -
::1 - - [22/Feb/2026 16:15:59] "GET /images/events/blooddrive/3.jpg HTTP/1.1" 200 -
::1 - - [22/Feb/2026 16:15:59] "GET /images/events/walkathon/1.jpg HTTP/1.1" 200 -
::1 - - [22/Feb/2026 16:15:59] "GET /images/events/walkathon/2.jpg HTTP/1.1" 200 -
::1 - - [22/Feb/2026 16:15:59] "GET /images/events/walkathon/3.jpg HTTP/1.1" 200 -
::1 - - [22/Feb/2026 16:15:59] "GET /images/events/fooddrive/1.jpg HTTP/1.1" 200 -
::1 - - [22/Feb/2026 16:15:59] "GET /images/events/fooddrive/2.jpg HTTP/1.1" 200 -
::1 - - [22/Feb/2026 16:15:59] "GET /images/events/fooddrive/3.jpg HTTP/1.1" 200 -
::1 - - [22/Feb/2026 16:15:59] "GET /images/activities/balbalika/66._Bal_Balika_adhiveshan25.jpg HTTP/1.1" 200 -
::1 - - [22/Feb/2026 16:15:59] "GET /images/activities/kishorekishori/2025-10-22%2002.13.39.jpg HTTP/1.1" 200 -
::1 - - [22/Feb/2026 16:15:59] "GET /images/activities/yuvakyuvati/Edison_Guru_Bhakti_Din2022_38.jpeg HTTP/1.1" 200 -
::1 - - [22/Feb/2026 16:15:59] "GET /images/activities/betterliving/02.-Edison-Life_Saving_Skills_HAL_2025-1108x720.jpg HTTP/1.1" 200 -
::1 - - [22/Feb/2026 16:15:59] "GET /images/activities/international/Edison_Guru_Bhakti_Din2022_06.jpeg HTTP/1.1" 200 -
::1 - - [22/Feb/2026 16:15:59] "GET /images/activities/family/Edison_Yagna_MM19_40_001.jpg HTTP/1.1" 200 -
::1 - - [22/Feb/2026 16:16:00] code 404, message File not found
::1 - - [22/Feb/2026 16:16:00] "GET /favicon.ico HTTP/1.1" 404 -
::1 - - [22/Feb/2026 16:16:26] "GET / HTTP/1.1" 304 -
::1 - - [22/Feb/2026 16:16:26] code 404, message File not found
::1 - - [22/Feb/2026 16:16:26] "GET /.well-known/appspecific/com.chrome.devtools.json HTTP/1.1" 404 -
::1 - - [22/Feb/2026 16:16:26] "GET /css/styles.css?v=4.0&t=1708638000 HTTP/1.1" 200 -
::1 - - [22/Feb/2026 16:16:26] code 404, message File not found
::1 - - [22/Feb/2026 16:16:26] "GET /images/events/mahapuja/3.jpg HTTP/1.1" 404 -
::1 - - [22/Feb/2026 16:16:26] code 404, message File not found
::1 - - [22/Feb/2026 16:16:26] code 404, message File not found
::1 - - [22/Feb/2026 16:16:26] "GET /images/events/annakut/1.jpg HTTP/1.1" 404 -
::1 - - [22/Feb/2026 16:16:26] code 404, message File not found
::1 - - [22/Feb/2026 16:16:26] "GET /images/events/mahapuja/1.jpg HTTP/1.1" 404 -
::1 - - [22/Feb/2026 16:16:26] "GET /images/events/mahapuja/2.jpg HTTP/1.1" 404 -
::1 - - [22/Feb/2026 16:16:26] code 404, message File not found
::1 - - [22/Feb/2026 16:16:26] "GET /images/events/annakut/2.jpg HTTP/1.1" 404 -
::1 - - [22/Feb/2026 16:16:26] code 404, message File not found
::1 - - [22/Feb/2026 16:16:26] code 404, message File not found
::1 - - [22/Feb/2026 16:16:26] "GET /images/events/annakut/3.jpg HTTP/1.1" 404 -
::1 - - [22/Feb/2026 16:16:26] code 404, message File not found
::1 - - [22/Feb/2026 16:16:26] "GET /images/events/womensconference/1.jpg HTTP/1.1" 404 -
::1 - - [22/Feb/2026 16:16:26] "GET /images/events/womensconference/2.jpg HTTP/1.1" 404 -
::1 - - [22/Feb/2026 16:16:26] code 404, message File not found
::1 - - [22/Feb/2026 16:16:26] "GET /images/events/womensconference/3.jpg HTTP/1.1" 404 -
::1 - - [22/Feb/2026 16:16:27] "GET / HTTP/1.1" 200 -
::1 - - [22/Feb/2026 16:16:27] code 404, message File not found
::1 - - [22/Feb/2026 16:16:27] "GET /.well-known/appspecific/com.chrome.devtools.json HTTP/1.1" 404 -
::1 - - [22/Feb/2026 16:16:27] "GET /css/styles.css?v=5.0 HTTP/1.1" 200 -
::1 - - [22/Feb/2026 16:16:27] code 404, message File not found
::1 - - [22/Feb/2026 16:16:27] "GET /images/events/mahapuja/1.jpg HTTP/1.1" 404 -
::1 - - [22/Feb/2026 16:16:27] code 404, message File not found
::1 - - [22/Feb/2026 16:16:27] code 404, message File not found
::1 - - [22/Feb/2026 16:16:27] code 404, message File not found
::1 - - [22/Feb/2026 16:16:27] "GET /images/events/mahapuja/3.jpg HTTP/1.1" 404 -
::1 - - [22/Feb/2026 16:16:27] "GET /images/events/annakut/1.jpg HTTP/1.1" 404 -
::1 - - [22/Feb/2026 16:16:27] "GET /images/events/mahapuja/2.jpg HTTP/1.1" 404 -
::1 - - [22/Feb/2026 16:16:27] code 404, message File not found
::1 - - [22/Feb/2026 16:16:27] code 404, message File not found
::1 - - [22/Feb/2026 16:16:27] "GET /images/events/annakut/3.jpg HTTP/1.1" 404 -
::1 - - [22/Feb/2026 16:16:27] "GET /images/events/annakut/2.jpg HTTP/1.1" 404 -
::1 - - [22/Feb/2026 16:16:27] code 404, message File not found
::1 - - [22/Feb/2026 16:16:27] code 404, message File not found
::1 - - [22/Feb/2026 16:16:27] "GET /images/events/womensconference/1.jpg HTTP/1.1" 404 -
::1 - - [22/Feb/2026 16:16:27] "GET /images/events/womensconference/3.jpg HTTP/1.1" 404 -
::1 - - [22/Feb/2026 16:16:27] code 404, message File not found
::1 - - [22/Feb/2026 16:16:27] "GET /images/events/womensconference/2.jpg HTTP/1.1" 404 -
::1 - - [22/Feb/2026 16:16:28] "GET / HTTP/1.1" 304 -
::1 - - [22/Feb/2026 16:16:28] code 404, message File not found
::1 - - [22/Feb/2026 16:16:28] "GET /.well-known/appspecific/com.chrome.devtools.json HTTP/1.1" 404 -
::1 - - [22/Feb/2026 16:16:28] "GET /css/styles.css?v=5.0 HTTP/1.1" 304 -
::1 - - [22/Feb/2026 16:16:28] code 404, message File not found
::1 - - [22/Feb/2026 16:16:28] "GET /images/events/mahapuja/1.jpg HTTP/1.1" 404 -
::1 - - [22/Feb/2026 16:16:28] code 404, message File not found
::1 - - [22/Feb/2026 16:16:28] "GET /images/events/mahapuja/2.jpg HTTP/1.1" 404 -
::1 - - [22/Feb/2026 16:16:28] code 404, message File not found
::1 - - [22/Feb/2026 16:16:28] "GET /images/events/mahapuja/3.jpg HTTP/1.1" 404 -
::1 - - [22/Feb/2026 16:16:28] code 404, message File not found
::1 - - [22/Feb/2026 16:16:28] "GET /images/events/annakut/2.jpg HTTP/1.1" 404 -
::1 - - [22/Feb/2026 16:16:28] code 404, message File not found
::1 - - [22/Feb/2026 16:16:28] "GET /images/events/annakut/3.jpg HTTP/1.1" 404 -
::1 - - [22/Feb/2026 16:16:28] code 404, message File not found
::1 - - [22/Feb/2026 16:16:28] "GET /images/events/annakut/1.jpg HTTP/1.1" 404 -
::1 - - [22/Feb/2026 16:16:28] code 404, message File not found
::1 - - [22/Feb/2026 16:16:28] "GET /images/events/womensconference/1.jpg HTTP/1.1" 404 -
::1 - - [22/Feb/2026 16:16:28] code 404, message File not found
::1 - - [22/Feb/2026 16:16:28] "GET /images/events/womensconference/2.jpg HTTP/1.1" 404 -
::1 - - [22/Feb/2026 16:16:28] code 404, message File not found
::1 - - [22/Feb/2026 16:16:28] "GET /images/events/womensconference/3.jpg HTTP/1.1" 404 -
::1 - - [22/Feb/2026 16:16:29] "GET / HTTP/1.1" 304 -
::1 - - [22/Feb/2026 16:16:29] code 404, message File not found
::1 - - [22/Feb/2026 16:16:29] "GET /.well-known/appspecific/com.chrome.devtools.json HTTP/1.1" 404 -
::1 - - [22/Feb/2026 16:16:29] "GET /css/styles.css?v=5.0 HTTP/1.1" 304 -
::1 - - [22/Feb/2026 16:16:29] code 404, message File not found
::1 - - [22/Feb/2026 16:16:29] "GET /images/events/mahapuja/1.jpg HTTP/1.1" 404 -
::1 - - [22/Feb/2026 16:16:29] code 404, message File not found
::1 - - [22/Feb/2026 16:16:29] "GET /images/events/mahapuja/2.jpg HTTP/1.1" 404 -
::1 - - [22/Feb/2026 16:16:29] code 404, message File not found
::1 - - [22/Feb/2026 16:16:29] "GET /images/events/annakut/2.jpg HTTP/1.1" 404 -
::1 - - [22/Feb/2026 16:16:29] code 404, message File not found
::1 - - [22/Feb/2026 16:16:29] code 404, message File not found
::1 - - [22/Feb/2026 16:16:29] "GET /images/events/annakut/3.jpg HTTP/1.1" 404 -
::1 - - [22/Feb/2026 16:16:29] "GET /images/events/annakut/1.jpg HTTP/1.1" 404 -
::1 - - [22/Feb/2026 16:16:29] code 404, message File not found
::1 - - [22/Feb/2026 16:16:29] code 404, message File not found
::1 - - [22/Feb/2026 16:16:29] "GET /images/events/mahapuja/3.jpg HTTP/1.1" 404 -
::1 - - [22/Feb/2026 16:16:29] "GET /images/events/womensconference/2.jpg HTTP/1.1" 404 -
::1 - - [22/Feb/2026 16:16:29] code 404, message File not found
::1 - - [22/Feb/2026 16:16:29] code 404, message File not found
::1 - - [22/Feb/2026 16:16:29] "GET /images/events/womensconference/3.jpg HTTP/1.1" 404 -
::1 - - [22/Feb/2026 16:16:29] "GET /images/events/womensconference/1.jpg HTTP/1.1" 404 -
::1 - - [22/Feb/2026 16:16:29] "GET / HTTP/1.1" 304 -
::1 - - [22/Feb/2026 16:16:29] code 404, message File not found
::1 - - [22/Feb/2026 16:16:29] "GET /.well-known/appspecific/com.chrome.devtools.json HTTP/1.1" 404 -
::1 - - [22/Feb/2026 16:16:29] "GET /css/styles.css?v=5.0 HTTP/1.1" 304 -
::1 - - [22/Feb/2026 16:16:29] code 404, message File not found
::1 - - [22/Feb/2026 16:16:29] "GET /images/events/mahapuja/1.jpg HTTP/1.1" 404 -
::1 - - [22/Feb/2026 16:16:29] code 404, message File not found
::1 - - [22/Feb/2026 16:16:29] "GET /images/events/mahapuja/2.jpg HTTP/1.1" 404 -
::1 - - [22/Feb/2026 16:16:29] code 404, message File not found
::1 - - [22/Feb/2026 16:16:29] code 404, message File not found
::1 - - [22/Feb/2026 16:16:29] "GET /images/events/mahapuja/3.jpg HTTP/1.1" 404 -
::1 - - [22/Feb/2026 16:16:29] code 404, message File not found
::1 - - [22/Feb/2026 16:16:29] "GET /images/events/annakut/1.jpg HTTP/1.1" 404 -
::1 - - [22/Feb/2026 16:16:29] code 404, message File not found
::1 - - [22/Feb/2026 16:16:29] "GET /images/events/annakut/2.jpg HTTP/1.1" 404 -
::1 - - [22/Feb/2026 16:16:29] code 404, message File not found
::1 - - [22/Feb/2026 16:16:29] code 404, message File not found
::1 - - [22/Feb/2026 16:16:29] "GET /images/events/womensconference/1.jpg HTTP/1.1" 404 -
::1 - - [22/Feb/2026 16:16:29] "GET /images/events/womensconference/2.jpg HTTP/1.1" 404 -
::1 - - [22/Feb/2026 16:16:29] "GET /images/events/annakut/3.jpg HTTP/1.1" 404 -
::1 - - [22/Feb/2026 16:16:29] code 404, message File not found
::1 - - [22/Feb/2026 16:16:29] "GET /images/events/womensconference/3.jpg HTTP/1.1" 404 -
::1 - - [22/Feb/2026 16:16:34] "GET / HTTP/1.1" 304 -
::1 - - [22/Feb/2026 16:16:34] code 404, message File not found
::1 - - [22/Feb/2026 16:16:34] "GET /.well-known/appspecific/com.chrome.devtools.json HTTP/1.1" 404 -
::1 - - [22/Feb/2026 16:16:34] "GET /css/styles.css?v=5.0 HTTP/1.1" 304 -
::1 - - [22/Feb/2026 16:16:34] code 404, message File not found
::1 - - [22/Feb/2026 16:16:34] "GET /images/events/mahapuja/1.jpg HTTP/1.1" 404 -
::1 - - [22/Feb/2026 16:16:34] code 404, message File not found
::1 - - [22/Feb/2026 16:16:34] "GET /images/events/mahapuja/2.jpg HTTP/1.1" 404 -
::1 - - [22/Feb/2026 16:16:34] code 404, message File not found
::1 - - [22/Feb/2026 16:16:34] "GET /images/events/annakut/1.jpg HTTP/1.1" 404 -
::1 - - [22/Feb/2026 16:16:34] code 404, message File not found
::1 - - [22/Feb/2026 16:16:34] code 404, message File not found
::1 - - [22/Feb/2026 16:16:34] "GET /images/events/annakut/2.jpg HTTP/1.1" 404 -
::1 - - [22/Feb/2026 16:16:34] code 404, message File not found
::1 - - [22/Feb/2026 16:16:34] "GET /images/events/mahapuja/3.jpg HTTP/1.1" 404 -
::1 - - [22/Feb/2026 16:16:34] code 404, message File not found
::1 - - [22/Feb/2026 16:16:34] code 404, message File not found
::1 - - [22/Feb/2026 16:16:34] code 404, message File not found
::1 - - [22/Feb/2026 16:16:34] "GET /images/events/annakut/3.jpg HTTP/1.1" 404 -
::1 - - [22/Feb/2026 16:16:34] "GET /images/events/womensconference/1.jpg HTTP/1.1" 404 -
::1 - - [22/Feb/2026 16:16:34] "GET /images/events/womensconference/3.jpg HTTP/1.1" 404 -
::1 - - [22/Feb/2026 16:16:34] "GET /images/events/womensconference/2.jpg HTTP/1.1" 404 -
::1 - - [22/Feb/2026 16:16:34] "GET / HTTP/1.1" 304 -
::1 - - [22/Feb/2026 16:16:34] code 404, message File not found
::1 - - [22/Feb/2026 16:16:34] "GET /.well-known/appspecific/com.chrome.devtools.json HTTP/1.1" 404 -
::1 - - [22/Feb/2026 16:16:34] code 404, message File not found
::1 - - [22/Feb/2026 16:16:34] "GET /images/events/mahapuja/1.jpg HTTP/1.1" 404 -
::1 - - [22/Feb/2026 16:16:34] code 404, message File not found
::1 - - [22/Feb/2026 16:16:34] "GET /images/events/mahapuja/2.jpg HTTP/1.1" 404 -
::1 - - [22/Feb/2026 16:16:34] code 404, message File not found
::1 - - [22/Feb/2026 16:16:34] "GET /images/events/mahapuja/3.jpg HTTP/1.1" 404 -
::1 - - [22/Feb/2026 16:16:34] code 404, message File not found
::1 - - [22/Feb/2026 16:16:34] "GET /images/events/annakut/1.jpg HTTP/1.1" 404 -
::1 - - [22/Feb/2026 16:16:34] code 404, message File not found
::1 - - [22/Feb/2026 16:16:34] code 404, message File not found
::1 - - [22/Feb/2026 16:16:34] "GET /images/events/annakut/2.jpg HTTP/1.1" 404 -
::1 - - [22/Feb/2026 16:16:34] "GET /images/events/annakut/3.jpg HTTP/1.1" 404 -
::1 - - [22/Feb/2026 16:16:34] code 404, message File not found
::1 - - [22/Feb/2026 16:16:34] code 404, message File not found
::1 - - [22/Feb/2026 16:16:34] "GET /images/events/womensconference/2.jpg HTTP/1.1" 404 -
::1 - - [22/Feb/2026 16:16:34] "GET /images/events/womensconference/3.jpg HTTP/1.1" 404 -
::1 - - [22/Feb/2026 16:16:34] code 404, message File not found
::1 - - [22/Feb/2026 16:16:34] "GET /images/events/womensconference/1.jpg HTTP/1.1" 404 -
