::1 - - [22/Feb/2026 16:05:09] "GET / HTTP/1.1" 200 -
::1 - - [22/Feb/2026 16:05:09] code 404, message File not found
::1 - - [22/Feb/2026 16:05:09] "GET /.well-known/appspecific/com.chrome.devtools.json HTTP/1.1" 404 -
::1 - - [22/Feb/2026 16:05:09] "GET /css/styles.css?v=3.0 HTTP/1.1" 200 -
::1 - - [22/Feb/2026 16:05:09] code 404, message File not found
::1 - - [22/Feb/2026 16:05:09] "GET /images/events/mahapuja/1.jpg HTTP/1.1" 404 -
::1 - - [22/Feb/2026 16:05:09] code 404, message File not found
::1 - - [22/Feb/2026 16:05:09] "GET /images/events/mahapuja/2.jpg HTTP/1.1" 404 -
::1 - - [22/Feb/2026 16:05:09] code 404, message File not found
::1 - - [22/Feb/2026 16:05:09] "GET /images/events/mahapuja/3.jpg HTTP/1.1" 404 -
::1 - - [22/Feb/2026 16:05:09] code 404, message File not found
::1 - - [22/Feb/2026 16:05:09] code 404, message File not found
::1 - - [22/Feb/2026 16:05:09] "GET /images/events/annakut/1.jpg HTTP/1.1" 404 -
::1 - - [22/Feb/2026 16:05:09] "GET /images/events/annakut/2.jpg HTTP/1.1" 404 -
::1 - - [22/Feb/2026 16:05:09] code 404, message File not found
::1 - - [22/Feb/2026 16:05:09] "GET /images/events/annakut/3.jpg HTTP/1.1" 404 -
::1 - - [22/Feb/2026 16:05:09] code 404, message File not found
::1 - - [22/Feb/2026 16:05:09] "GET /images/events/womensconference/1.jpg HTTP/1.1" 404 -
::1 - - [22/Feb/2026 16:05:09] code 404, message File not found
::1 - - [22/Feb/2026 16:05:09] "GET /images/events/womensconference/2.jpg HTTP/1.1" 404 -
::1 - - [22/Feb/2026 16:05:09] code 404, message File not found
::1 - - [22/Feb/2026 16:05:09] "GET /images/events/womensconference/3.jpg HTTP/1.1" 404 -
::1 - - [22/Feb/2026 16:05:25] "GET / HTTP/1.1" 304 -
::1 - - [22/Feb/2026 16:05:25] code 404, message File not found
::1 - - [22/Feb/2026 16:05:25] "GET /.well-known/appspecific/com.chrome.devtools.json HTTP/1.1" 404 -
::1 - - [22/Feb/2026 16:05:25] code 404, message File not found
::1 - - [22/Feb/2026 16:05:25] "GET /images/events/mahapuja/1.jpg HTTP/1.1" 404 -
::1 - - [22/Feb/2026 16:05:25] code 404, message File not found
::1 - - [22/Feb/2026 16:05:25] "GET /images/events/mahapuja/2.jpg HTTP/1.1" 404 -
::1 - - [22/Feb/2026 16:05:25] code 404, message File not found
::1 - - [22/Feb/2026 16:05:25] code 404, message File not found
::1 - - [22/Feb/2026 16:05:25] code 404, message File not found
::1 - - [22/Feb/2026 16:05:25] "GET /images/events/annakut/1.jpg HTTP/1.1" 404 -
::1 - - [22/Feb/2026 16:05:25] "GET /images/events/mahapuja/3.jpg HTTP/1.1" 404 -
::1 - - [22/Feb/2026 16:05:25] code 404, message File not found
::1 - - [22/Feb/2026 16:05:25] "GET /images/events/womensconference/1.jpg HTTP/1.1" 404 -
::1 - - [22/Feb/2026 16:05:25] code 404, message File not found
::1 - - [22/Feb/2026 16:05:25] "GET /images/events/annakut/3.jpg HTTP/1.1" 404 -
::1 - - [22/Feb/2026 16:05:25] "GET /images/events/annakut/2.jpg HTTP/1.1" 404 -
::1 - - [22/Feb/2026 16:05:25] code 404, message File not found
::1 - - [22/Feb/2026 16:05:25] "GET /images/events/womensconference/2.jpg HTTP/1.1" 404 -
::1 - - [22/Feb/2026 16:05:25] code 404, message File not found
::1 - - [22/Feb/2026 16:05:25] "GET /images/events/womensconference/3.jpg HTTP/1.1" 404 -
::1 - - [22/Feb/2026 16:05:42] "GET / HTTP/1.1" 304 -
::1 - - [22/Feb/2026 16:05:42] code 404, message File not found
::1 - - [22/Feb/2026 16:05:42] "GET /.well-known/appspecific/com.chrome.devtools.json HTTP/1.1" 404 -
::1 - - [22/Feb/2026 16:05:42] "GET /css/styles.css?v=3.0 HTTP/1.1" 304 -
::1 - - [22/Feb/2026 16:05:42] code 404, message File not found
::1 - - [22/Feb/2026 16:05:42] "GET /images/events/mahapuja/3.jpg HTTP/1.1" 404 -
::1 - - [22/Feb/2026 16:05:42] code 404, message File not found
::1 - - [22/Feb/2026 16:05:42] "GET /images/events/mahapuja/1.jpg HTTP/1.1" 404 -
::1 - - [22/Feb/2026 16:05:42] code 404, message File not found
::1 - - [22/Feb/2026 16:05:42] "GET /images/events/mahapuja/2.jpg HTTP/1.1" 404 -
::1 - - [22/Feb/2026 16:05:42] code 404, message File not found
::1 - - [22/Feb/2026 16:05:42] "GET /images/events/annakut/2.jpg HTTP/1.1" 404 -
::1 - - [22/Feb/2026 16:05:42] code 404, message File not found
::1 - - [22/Feb/2026 16:05:42] "GET /images/events/annakut/1.jpg HTTP/1.1" 404 -
::1 - - [22/Feb/2026 16:05:42] code 404, message File not found
::1 - - [22/Feb/2026 16:05:42] "GET /images/events/annakut/3.jpg HTTP/1.1" 404 -
::1 - - [22/Feb/2026 16:05:42] code 404, message File not found
::1 - - [22/Feb/2026 16:05:42] code 404, message File not found
::1 - - [22/Feb/2026 16:05:42] "GET /images/events/womensconference/2.jpg HTTP/1.1" 404 -
::1 - - [22/Feb/2026 16:05:42] code 404, message File not found
::1 - - [22/Feb/2026 16:05:42] "GET /images/events/womensconference/3.jpg HTTP/1.1" 404 -
::1 - - [22/Feb/2026 16:05:42] "GET /images/events/womensconference/1.jpg HTTP/1.1" 404 -
::1 - - [22/Feb/2026 16:06:01] "GET / HTTP/1.1" 304 -
::1 - - [22/Feb/2026 16:06:01] code 404, message File not found
::1 - - [22/Feb/2026 16:06:01] "GET /.well-known/appspecific/com.chrome.devtools.json HTTP/1.1" 404 -
::1 - - [22/Feb/2026 16:06:01] code 404, message File not found
::1 - - [22/Feb/2026 16:06:01] "GET /images/events/mahapuja/1.jpg HTTP/1.1" 404 -
::1 - - [22/Feb/2026 16:06:01] code 404, message File not found
::1 - - [22/Feb/2026 16:06:01] code 404, message File not found
::1 - - [22/Feb/2026 16:06:01] code 404, message File not found
::1 - - [22/Feb/2026 16:06:01] "GET /images/events/mahapuja/2.jpg HTTP/1.1" 404 -
::1 - - [22/Feb/2026 16:06:01] "GET /images/events/annakut/1.jpg HTTP/1.1" 404 -
::1 - - [22/Feb/2026 16:06:01] code 404, message File not found
::1 - - [22/Feb/2026 16:06:01] "GET /images/events/annakut/2.jpg HTTP/1.1" 404 -
::1 - - [22/Feb/2026 16:06:01] "GET /images/events/mahapuja/3.jpg HTTP/1.1" 404 -
::1 - - [22/Feb/2026 16:06:01] code 404, message File not found
::1 - - [22/Feb/2026 16:06:01] "GET /images/events/annakut/3.jpg HTTP/1.1" 404 -
::1 - - [22/Feb/2026 16:06:01] code 404, message File not found
::1 - - [22/Feb/2026 16:06:01] "GET /images/events/womensconference/1.jpg HTTP/1.1" 404 -
::1 - - [22/Feb/2026 16:06:01] code 404, message File not found
::1 - - [22/Feb/2026 16:06:01] "GET /images/events/womensconference/2.jpg HTTP/1.1" 404 -
::1 - - [22/Feb/2026 16:06:01] code 404, message File not found
::1 - - [22/Feb/2026 16:06:01] "GET /images/events/womensconference/3.jpg HTTP/1.1" 404 -
::1 - - [22/Feb/2026 16:06:02] "GET / HTTP/1.1" 304 -
::1 - - [22/Feb/2026 16:06:02] code 404, message File not found
::1 - - [22/Feb/2026 16:06:02] "GET /.well-known/appspecific/com.chrome.devtools.json HTTP/1.1" 404 -
::1 - - [22/Feb/2026 16:06:02] code 404, message File not found
::1 - - [22/Feb/2026 16:06:02] "GET /images/events/mahapuja/1.jpg HTTP/1.1" 404 -
::1 - - [22/Feb/2026 16:06:02] code 404, message File not found
::1 - - [22/Feb/2026 16:06:02] "GET /images/events/mahapuja/2.jpg HTTP/1.1" 404 -
::1 - - [22/Feb/2026 16:06:02] code 404, message File not found
::1 - - [22/Feb/2026 16:06:02] "GET /images/events/mahapuja/3.jpg HTTP/1.1" 404 -
::1 - - [22/Feb/2026 16:06:02] code 404, message File not found
::1 - - [22/Feb/2026 16:06:02] "GET /images/events/annakut/1.jpg HTTP/1.1" 404 -
::1 - - [22/Feb/2026 16:06:02] code 404, message File not found
::1 - - [22/Feb/2026 16:06:02] "GET /images/events/annakut/2.jpg HTTP/1.1" 404 -
::1 - - [22/Feb/2026 16:06:02] code 404, message File not found
::1 - - [22/Feb/2026 16:06:02] "GET /images/events/annakut/3.jpg HTTP/1.1" 404 -
::1 - - [22/Feb/2026 16:06:02] code 404, message File not found
::1 - - [22/Feb/2026 16:06:02] "GET /images/events/womensconference/1.jpg HTTP/1.1" 404 -
::1 - - [22/Feb/2026 16:06:02] code 404, message File not found
::1 - - [22/Feb/2026 16:06:02] "GET /images/events/womensconference/2.jpg HTTP/1.1" 404 -
::1 - - [22/Feb/2026 16:06:02] code 404, message File not found
::1 - - [22/Feb/2026 16:06:02] "GET /images/events/womensconference/3.jpg HTTP/1.1" 404 -
::1 - - [22/Feb/2026 16:06:03] "GET / HTTP/1.1" 304 -
::1 - - [22/Feb/2026 16:06:03] code 404, message File not found
::1 - - [22/Feb/2026 16:06:03] "GET /.well-known/appspecific/com.chrome.devtools.json HTTP/1.1" 404 -
::1 - - [22/Feb/2026 16:06:03] code 404, message File not found
::1 - - [22/Feb/2026 16:06:03] "GET /images/events/mahapuja/1.jpg HTTP/1.1" 404 -
::1 - - [22/Feb/2026 16:06:03] code 404, message File not found
::1 - - [22/Feb/2026 16:06:03] "GET /images/events/mahapuja/2.jpg HTTP/1.1" 404 -
::1 - - [22/Feb/2026 16:06:03] code 404, message File not found
::1 - - [22/Feb/2026 16:06:03] code 404, message File not found
::1 - - [22/Feb/2026 16:06:03] "GET /images/events/mahapuja/3.jpg HTTP/1.1" 404 -
::1 - - [22/Feb/2026 16:06:03] code 404, message File not found
::1 - - [22/Feb/2026 16:06:03] code 404, message File not found
::1 - - [22/Feb/2026 16:06:03] "GET /images/events/annakut/1.jpg HTTP/1.1" 404 -
::1 - - [22/Feb/2026 16:06:03] "GET /images/events/annakut/2.jpg HTTP/1.1" 404 -
::1 - - [22/Feb/2026 16:06:03] "GET /images/events/annakut/3.jpg HTTP/1.1" 404 -
::1 - - [22/Feb/2026 16:06:03] code 404, message File not found
::1 - - [22/Feb/2026 16:06:03] code 404, message File not found
::1 - - [22/Feb/2026 16:06:03] "GET /images/events/womensconference/2.jpg HTTP/1.1" 404 -
::1 - - [22/Feb/2026 16:06:03] "GET /images/events/womensconference/1.jpg HTTP/1.1" 404 -
::1 - - [22/Feb/2026 16:06:03] code 404, message File not found
::1 - - [22/Feb/2026 16:06:03] "GET /images/events/womensconference/3.jpg HTTP/1.1" 404 -
::1 - - [22/Feb/2026 16:06:13] "GET / HTTP/1.1" 200 -
::1 - - [22/Feb/2026 16:06:13] code 404, message File not found
::1 - - [22/Feb/2026 16:06:13] "GET /.well-known/appspecific/com.chrome.devtools.json HTTP/1.1" 404 -
::1 - - [22/Feb/2026 16:06:13] "GET /css/styles.css?v=3.1 HTTP/1.1" 200 -
::1 - - [22/Feb/2026 16:06:13] code 404, message File not found
::1 - - [22/Feb/2026 16:06:13] "GET /images/events/mahapuja/1.jpg HTTP/1.1" 404 -
::1 - - [22/Feb/2026 16:06:13] code 404, message File not found
::1 - - [22/Feb/2026 16:06:13] "GET /images/events/mahapuja/2.jpg HTTP/1.1" 404 -
::1 - - [22/Feb/2026 16:06:13] code 404, message File not found
::1 - - [22/Feb/2026 16:06:13] "GET /images/events/mahapuja/3.jpg HTTP/1.1" 404 -
::1 - - [22/Feb/2026 16:06:13] code 404, message File not found
::1 - - [22/Feb/2026 16:06:13] code 404, message File not found
::1 - - [22/Feb/2026 16:06:13] code 404, message File not found
::1 - - [22/Feb/2026 16:06:13] "GET /images/events/annakut/2.jpg HTTP/1.1" 404 -
::1 - - [22/Feb/2026 16:06:13] "GET /images/events/annakut/3.jpg HTTP/1.1" 404 -
::1 - - [22/Feb/2026 16:06:13] code 404, message File not found
::1 - - [22/Feb/2026 16:06:13] code 404, message File not found
::1 - - [22/Feb/2026 16:06:13] "GET /images/events/annakut/1.jpg HTTP/1.1" 404 -
::1 - - [22/Feb/2026 16:06:13] code 404, message File not found
::1 - - [22/Feb/2026 16:06:13] "GET /images/events/womensconference/1.jpg HTTP/1.1" 404 -
::1 - - [22/Feb/2026 16:06:13] "GET /images/events/womensconference/2.jpg HTTP/1.1" 404 -
::1 - - [22/Feb/2026 16:06:13] "GET /images/events/womensconference/3.jpg HTTP/1.1" 404 -
::1 - - [22/Feb/2026 16:07:19] "GET / HTTP/1.1" 304 -
::1 - - [22/Feb/2026 16:07:19] code 404, message File not found
::1 - - [22/Feb/2026 16:07:19] "GET /.well-known/appspecific/com.chrome.devtools.json HTTP/1.1" 404 -
::1 - - [22/Feb/2026 16:07:19] "GET /css/styles.css?v=3.1 HTTP/1.1" 304 -
::1 - - [22/Feb/2026 16:07:19] code 404, message File not found
::1 - - [22/Feb/2026 16:07:19] "GET /images/events/mahapuja/2.jpg HTTP/1.1" 404 -
::1 - - [22/Feb/2026 16:07:19] code 404, message File not found
::1 - - [22/Feb/2026 16:07:19] "GET /images/events/mahapuja/1.jpg HTTP/1.1" 404 -
::1 - - [22/Feb/2026 16:07:19] code 404, message File not found
::1 - - [22/Feb/2026 16:07:19] code 404, message File not found
::1 - - [22/Feb/2026 16:07:19] "GET /images/events/annakut/2.jpg HTTP/1.1" 404 -
::1 - - [22/Feb/2026 16:07:19] "GET /images/events/mahapuja/3.jpg HTTP/1.1" 404 -
::1 - - [22/Feb/2026 16:07:19] code 404, message File not found
::1 - - [22/Feb/2026 16:07:19] "GET /images/events/annakut/1.jpg HTTP/1.1" 404 -
::1 - - [22/Feb/2026 16:07:19] code 404, message File not found
::1 - - [22/Feb/2026 16:07:19] code 404, message File not found
::1 - - [22/Feb/2026 16:07:19] "GET /images/events/womensconference/2.jpg HTTP/1.1" 404 -
::1 - - [22/Feb/2026 16:07:19] "GET /images/events/annakut/3.jpg HTTP/1.1" 404 -
::1 - - [22/Feb/2026 16:07:19] code 404, message File not found
::1 - - [22/Feb/2026 16:07:19] "GET /images/events/womensconference/1.jpg HTTP/1.1" 404 -
::1 - - [22/Feb/2026 16:07:19] code 404, message File not found
::1 - - [22/Feb/2026 16:07:19] "GET /images/events/womensconference/3.jpg HTTP/1.1" 404 -
::1 - - [22/Feb/2026 16:07:20] "GET / HTTP/1.1" 304 -
::1 - - [22/Feb/2026 16:07:20] code 404, message File not found
::1 - - [22/Feb/2026 16:07:20] "GET /.well-known/appspecific/com.chrome.devtools.json HTTP/1.1" 404 -
::1 - - [22/Feb/2026 16:07:20] code 404, message File not found
::1 - - [22/Feb/2026 16:07:20] "GET /images/events/mahapuja/1.jpg HTTP/1.1" 404 -
::1 - - [22/Feb/2026 16:07:20] code 404, message File not found
::1 - - [22/Feb/2026 16:07:20] "GET /images/events/mahapuja/2.jpg HTTP/1.1" 404 -
::1 - - [22/Feb/2026 16:07:20] code 404, message File not found
::1 - - [22/Feb/2026 16:07:20] code 404, message File not found
::1 - - [22/Feb/2026 16:07:20] "GET /images/events/annakut/1.jpg HTTP/1.1" 404 -
::1 - - [22/Feb/2026 16:07:20] code 404, message File not found
::1 - - [22/Feb/2026 16:07:20] code 404, message File not found
::1 - - [22/Feb/2026 16:07:20] "GET /images/events/mahapuja/3.jpg HTTP/1.1" 404 -
::1 - - [22/Feb/2026 16:07:20] "GET /images/events/annakut/3.jpg HTTP/1.1" 404 -
::1 - - [22/Feb/2026 16:07:20] code 404, message File not found
::1 - - [22/Feb/2026 16:07:20] "GET /images/events/annakut/2.jpg HTTP/1.1" 404 -
::1 - - [22/Feb/2026 16:07:20] "GET /images/events/womensconference/1.jpg HTTP/1.1" 404 -
::1 - - [22/Feb/2026 16:07:20] code 404, message File not found
::1 - - [22/Feb/2026 16:07:20] "GET /images/events/womensconference/2.jpg HTTP/1.1" 404 -
::1 - - [22/Feb/2026 16:07:20] code 404, message File not found
::1 - - [22/Feb/2026 16:07:20] "GET /images/events/womensconference/3.jpg HTTP/1.1" 404 -
::1 - - [22/Feb/2026 16:07:21] "GET / HTTP/1.1" 304 -
::1 - - [22/Feb/2026 16:07:21] code 404, message File not found
::1 - - [22/Feb/2026 16:07:21] "GET /.well-known/appspecific/com.chrome.devtools.json HTTP/1.1" 404 -
::1 - - [22/Feb/2026 16:07:21] code 404, message File not found
::1 - - [22/Feb/2026 16:07:21] "GET /images/events/mahapuja/1.jpg HTTP/1.1" 404 -
::1 - - [22/Feb/2026 16:07:21] code 404, message File not found
::1 - - [22/Feb/2026 16:07:21] "GET /images/events/mahapuja/2.jpg HTTP/1.1" 404 -
::1 - - [22/Feb/2026 16:07:21] code 404, message File not found
::1 - - [22/Feb/2026 16:07:21] "GET /images/events/mahapuja/3.jpg HTTP/1.1" 404 -
::1 - - [22/Feb/2026 16:07:21] code 404, message File not found
::1 - - [22/Feb/2026 16:07:21] code 404, message File not found
::1 - - [22/Feb/2026 16:07:21] "GET /images/events/annakut/2.jpg HTTP/1.1" 404 -
::1 - - [22/Feb/2026 16:07:21] code 404, message File not found
::1 - - [22/Feb/2026 16:07:21] code 404, message File not found
::1 - - [22/Feb/2026 16:07:21] "GET /images/events/womensconference/1.jpg HTTP/1.1" 404 -
::1 - - [22/Feb/2026 16:07:21] code 404, message File not found
::1 - - [22/Feb/2026 16:07:21] code 404, message File not found
::1 - - [22/Feb/2026 16:07:21] "GET /images/events/annakut/3.jpg HTTP/1.1" 404 -
::1 - - [22/Feb/2026 16:07:21] "GET /images/events/annakut/1.jpg HTTP/1.1" 404 -
::1 - - [22/Feb/2026 16:07:21] "GET /images/events/womensconference/3.jpg HTTP/1.1" 404 -
::1 - - [22/Feb/2026 16:07:21] "GET /images/events/womensconference/2.jpg HTTP/1.1" 404 -
::1 - - [22/Feb/2026 16:07:25] "GET / HTTP/1.1" 304 -
::1 - - [22/Feb/2026 16:07:25] code 404, message File not found
::1 - - [22/Feb/2026 16:07:25] "GET /.well-known/appspecific/com.chrome.devtools.json HTTP/1.1" 404 -
::1 - - [22/Feb/2026 16:07:25] code 404, message File not found
::1 - - [22/Feb/2026 16:07:25] "GET /images/events/mahapuja/1.jpg HTTP/1.1" 404 -
::1 - - [22/Feb/2026 16:07:25] code 404, message File not found
::1 - - [22/Feb/2026 16:07:25] "GET /images/events/mahapuja/2.jpg HTTP/1.1" 404 -
::1 - - [22/Feb/2026 16:07:25] code 404, message File not found
::1 - - [22/Feb/2026 16:07:25] "GET /images/events/mahapuja/3.jpg HTTP/1.1" 404 -
::1 - - [22/Feb/2026 16:07:25] code 404, message File not found
::1 - - [22/Feb/2026 16:07:25] code 404, message File not found
::1 - - [22/Feb/2026 16:07:25] "GET /images/events/annakut/3.jpg HTTP/1.1" 404 -
::1 - - [22/Feb/2026 16:07:25] code 404, message File not found
::1 - - [22/Feb/2026 16:07:25] "GET /images/events/womensconference/1.jpg HTTP/1.1" 404 -
::1 - - [22/Feb/2026 16:07:25] code 404, message File not found
::1 - - [22/Feb/2026 16:07:25] "GET /images/events/annakut/2.jpg HTTP/1.1" 404 -
::1 - - [22/Feb/2026 16:07:25] "GET /images/events/annakut/1.jpg HTTP/1.1" 404 -
::1 - - [22/Feb/2026 16:07:25] code 404, message File not found
::1 - - [22/Feb/2026 16:07:25] code 404, message File not found
::1 - - [22/Feb/2026 16:07:25] "GET /images/events/womensconference/3.jpg HTTP/1.1" 404 -
::1 - - [22/Feb/2026 16:07:25] "GET /images/events/womensconference/2.jpg HTTP/1.1" 404 -
::1 - - [22/Feb/2026 16:07:26] "GET / HTTP/1.1" 304 -
::1 - - [22/Feb/2026 16:07:26] code 404, message File not found
::1 - - [22/Feb/2026 16:07:26] "GET /.well-known/appspecific/com.chrome.devtools.json HTTP/1.1" 404 -
::1 - - [22/Feb/2026 16:07:26] "GET /css/styles.css?v=3.1 HTTP/1.1" 200 -
::1 - - [22/Feb/2026 16:07:26] code 404, message File not found
::1 - - [22/Feb/2026 16:07:26] "GET /images/events/mahapuja/1.jpg HTTP/1.1" 404 -
::1 - - [22/Feb/2026 16:07:26] code 404, message File not found
::1 - - [22/Feb/2026 16:07:26] "GET /images/events/mahapuja/2.jpg HTTP/1.1" 404 -
::1 - - [22/Feb/2026 16:07:26] code 404, message File not found
::1 - - [22/Feb/2026 16:07:26] code 404, message File not found
::1 - - [22/Feb/2026 16:07:26] "GET /images/events/mahapuja/3.jpg HTTP/1.1" 404 -
::1 - - [22/Feb/2026 16:07:26] code 404, message File not found
::1 - - [22/Feb/2026 16:07:26] "GET /images/events/annakut/1.jpg HTTP/1.1" 404 -
::1 - - [22/Feb/2026 16:07:26] code 404, message File not found
::1 - - [22/Feb/2026 16:07:26] "GET /images/events/annakut/2.jpg HTTP/1.1" 404 -
::1 - - [22/Feb/2026 16:07:26] code 404, message File not found
::1 - - [22/Feb/2026 16:07:26] code 404, message File not found
::1 - - [22/Feb/2026 16:07:26] "GET /images/events/womensconference/1.jpg HTTP/1.1" 404 -
::1 - - [22/Feb/2026 16:07:26] "GET /images/events/annakut/3.jpg HTTP/1.1" 404 -
::1 - - [22/Feb/2026 16:07:26] "GET /images/events/womensconference/2.jpg HTTP/1.1" 404 -
::1 - - [22/Feb/2026 16:07:26] code 404, message File not found
::1 - - [22/Feb/2026 16:07:26] "GET /images/events/womensconference/3.jpg HTTP/1.1" 404 -
::1 - - [22/Feb/2026 16:07:27] "GET / HTTP/1.1" 304 -
::1 - - [22/Feb/2026 16:07:27] code 404, message File not found
::1 - - [22/Feb/2026 16:07:27] "GET /.well-known/appspecific/com.chrome.devtools.json HTTP/1.1" 404 -
::1 - - [22/Feb/2026 16:07:27] "GET /css/styles.css?v=3.1 HTTP/1.1" 200 -
::1 - - [22/Feb/2026 16:07:27] code 404, message File not found
::1 - - [22/Feb/2026 16:07:27] "GET /images/events/mahapuja/1.jpg HTTP/1.1" 404 -
::1 - - [22/Feb/2026 16:07:27] code 404, message File not found
::1 - - [22/Feb/2026 16:07:27] "GET /images/events/mahapuja/2.jpg HTTP/1.1" 404 -
::1 - - [22/Feb/2026 16:07:27] code 404, message File not found
::1 - - [22/Feb/2026 16:07:27] "GET /images/events/mahapuja/3.jpg HTTP/1.1" 404 -
::1 - - [22/Feb/2026 16:07:27] code 404, message File not found
::1 - - [22/Feb/2026 16:07:27] "GET /images/events/annakut/1.jpg HTTP/1.1" 404 -
::1 - - [22/Feb/2026 16:07:27] code 404, message File not found
::1 - - [22/Feb/2026 16:07:27] "GET /images/events/annakut/2.jpg HTTP/1.1" 404 -
::1 - - [22/Feb/2026 16:07:27] code 404, message File not found
::1 - - [22/Feb/2026 16:07:27] "GET /images/events/annakut/3.jpg HTTP/1.1" 404 -
::1 - - [22/Feb/2026 16:07:27] code 404, message File not found
::1 - - [22/Feb/2026 16:07:27] code 404, message File not found
::1 - - [22/Feb/2026 16:07:27] "GET /images/events/womensconference/2.jpg HTTP/1.1" 404 -
::1 - - [22/Feb/2026 16:07:27] "GET /images/events/womensconference/1.jpg HTTP/1.1" 404 -
::1 - - [22/Feb/2026 16:07:27] code 404, message File not found
::1 - - [22/Feb/2026 16:07:27] "GET /images/events/womensconference/3.jpg HTTP/1.1" 404 -
::1 - - [22/Feb/2026 16:07:35] "GET / HTTP/1.1" 200 -
::1 - - [22/Feb/2026 16:07:35] "GET /css/styles.css?v=3.1 HTTP/1.1" 200 -
::1 - - [22/Feb/2026 16:07:35] "GET /images/temple-images/DJI_0347_Edited%20(2).png HTTP/1.1" 200 -
::1 - - [22/Feb/2026 16:07:35] "GET /images/gallery/mandir-exterior.png HTTP/1.1" 200 -
::1 - - [22/Feb/2026 16:07:35] "GET /images/gallery/03_edison_diwali2024.jpg HTTP/1.1" 200 -
::1 - - [22/Feb/2026 16:07:35] "GET /images/events/events-banner.jpg HTTP/1.1" 200 -
::1 - - [22/Feb/2026 16:07:35] "GET /images/gallery/05_edison_mahantswamiJJ_2025.jpg HTTP/1.1" 200 -
::1 - - [22/Feb/2026 16:07:35] "GET /images/gallery/Edison_Diwali2019_01.jpg HTTP/1.1" 200 -
::1 - - [22/Feb/2026 16:07:35] "GET /images/gurus/vv30-029.jpg HTTP/1.1" 200 -
::1 - - [22/Feb/2026 16:07:35] "GET /images/gallery/2ILPJ2JBHBFNBFTFC5HMIONBSI.jpg HTTP/1.1" 200 -
::1 - - [22/Feb/2026 16:07:35] "GET /images/gallery/unnamed.jpg HTTP/1.1" 200 -
::1 - - [22/Feb/2026 16:07:35] "GET /images/qr-codes/1.png HTTP/1.1" 200 -
::1 - - [22/Feb/2026 16:07:35] "GET /images/gurus/Mahant_Swami_Maharaj.jpg HTTP/1.1" 200 -
::1 - - [22/Feb/2026 16:07:35] "GET /images/qr-codes/2.png HTTP/1.1" 200 -
::1 - - [22/Feb/2026 16:07:35] code 404, message File not found
::1 - - [22/Feb/2026 16:07:35] "GET /images/events/mahapuja/1.jpg HTTP/1.1" 404 -
::1 - - [22/Feb/2026 16:07:35] code 404, message File not found
::1 - - [22/Feb/2026 16:07:35] code 404, message File not found
::1 - - [22/Feb/2026 16:07:35] "GET /images/events/mahapuja/3.jpg HTTP/1.1" 404 -
::1 - - [22/Feb/2026 16:07:35] "GET /images/events/mahapuja/2.jpg HTTP/1.1" 404 -
::1 - - [22/Feb/2026 16:07:35] "GET /images/events/chopdapujan/2.jpg HTTP/1.1" 200 -
::1 - - [22/Feb/2026 16:07:35] "GET /images/events/chopdapujan/3.jpg HTTP/1.1" 200 -
::1 - - [22/Feb/2026 16:07:35] "GET /images/events/chopdapujan/1.jpg HTTP/1.1" 200 -
::1 - - [22/Feb/2026 16:07:35] code 404, message File not found
::1 - - [22/Feb/2026 16:07:35] "GET /images/events/annakut/1.jpg HTTP/1.1" 404 -
::1 - - [22/Feb/2026 16:07:35] code 404, message File not found
::1 - - [22/Feb/2026 16:07:35] "GET /images/events/annakut/2.jpg HTTP/1.1" 404 -
::1 - - [22/Feb/2026 16:07:35] code 404, message File not found
::1 - - [22/Feb/2026 16:07:35] "GET /images/events/annakut/3.jpg HTTP/1.1" 404 -
::1 - - [22/Feb/2026 16:07:35] "GET /images/events/diwali/1.jpg HTTP/1.1" 200 -
::1 - - [22/Feb/2026 16:07:35] "GET /images/events/diwali/2.jpg HTTP/1.1" 200 -
::1 - - [22/Feb/2026 16:07:35] code 404, message File not found
::1 - - [22/Feb/2026 16:07:35] code 404, message File not found
::1 - - [22/Feb/2026 16:07:35] code 404, message File not found
::1 - - [22/Feb/2026 16:07:35] "GET /images/events/diwali/3.jpg HTTP/1.1" 200 -
::1 - - [22/Feb/2026 16:07:35] "GET /images/events/womensconference/1.jpg HTTP/1.1" 404 -
::1 - - [22/Feb/2026 16:07:35] "GET /images/events/womensconference/3.jpg HTTP/1.1" 404 -
::1 - - [22/Feb/2026 16:07:35] "GET /images/events/womensconference/2.jpg HTTP/1.1" 404 -
::1 - - [22/Feb/2026 16:07:35] "GET /images/events/blooddrive/1.jpg HTTP/1.1" 200 -
::1 - - [22/Feb/2026 16:07:35] "GET /images/events/blooddrive/2.jpg HTTP/1.1" 200 -
::1 - - [22/Feb/2026 16:07:35] "GET /images/events/blooddrive/3.jpg HTTP/1.1" 200 -
::1 - - [22/Feb/2026 16:07:35] "GET /images/events/walkathon/1.jpg HTTP/1.1" 200 -
::1 - - [22/Feb/2026 16:07:35] "GET /images/events/walkathon/2.jpg HTTP/1.1" 200 -
::1 - - [22/Feb/2026 16:07:35] "GET /images/events/walkathon/3.jpg HTTP/1.1" 200 -
::1 - - [22/Feb/2026 16:07:35] "GET /images/events/fooddrive/1.jpg HTTP/1.1" 200 -
::1 - - [22/Feb/2026 16:07:35] "GET /images/events/fooddrive/2.jpg HTTP/1.1" 200 -
::1 - - [22/Feb/2026 16:07:35] "GET /images/activities/kishorekishori/2025-10-22%2002.13.39.jpg HTTP/1.1" 200 -
::1 - - [22/Feb/2026 16:07:35] "GET /images/activities/balbalika/66._Bal_Balika_adhiveshan25.jpg HTTP/1.1" 200 -
::1 - - [22/Feb/2026 16:07:35] "GET /images/events/fooddrive/3.jpg HTTP/1.1" 200 -
::1 - - [22/Feb/2026 16:07:35] "GET /images/activities/betterliving/02.-Edison-Life_Saving_Skills_HAL_2025-1108x720.jpg HTTP/1.1" 200 -
::1 - - [22/Feb/2026 16:07:35] "GET /images/activities/yuvakyuvati/Edison_Guru_Bhakti_Din2022_38.jpeg HTTP/1.1" 200 -
::1 - - [22/Feb/2026 16:07:35] "GET /images/activities/international/Edison_Guru_Bhakti_Din2022_06.jpeg HTTP/1.1" 200 -
::1 - - [22/Feb/2026 16:07:35] "GET /images/activities/family/Edison_Yagna_MM19_40_001.jpg HTTP/1.1" 200 -
::1 - - [22/Feb/2026 16:07:39] "GET /css/styles.css?v=3.1 HTTP/1.1" 200 -
::1 - - [22/Feb/2026 16:07:39] code 404, message File not found
::1 - - [22/Feb/2026 16:07:39] "GET /.well-known/appspecific/com.chrome.devtools.json HTTP/1.1" 404 -
::1 - - [22/Feb/2026 16:07:42] "GET / HTTP/1.1" 304 -
::1 - - [22/Feb/2026 16:07:42] code 404, message File not found
::1 - - [22/Feb/2026 16:07:42] "GET /.well-known/appspecific/com.chrome.devtools.json HTTP/1.1" 404 -
::1 - - [22/Feb/2026 16:07:42] "GET /css/styles.css?v=3.1 HTTP/1.1" 200 -
::1 - - [22/Feb/2026 16:07:42] code 404, message File not found
::1 - - [22/Feb/2026 16:07:42] "GET /images/events/mahapuja/1.jpg HTTP/1.1" 404 -
::1 - - [22/Feb/2026 16:07:42] code 404, message File not found
::1 - - [22/Feb/2026 16:07:42] "GET /images/events/mahapuja/2.jpg HTTP/1.1" 404 -
::1 - - [22/Feb/2026 16:07:42] code 404, message File not found
::1 - - [22/Feb/2026 16:07:42] "GET /images/events/mahapuja/3.jpg HTTP/1.1" 404 -
::1 - - [22/Feb/2026 16:07:42] code 404, message File not found
::1 - - [22/Feb/2026 16:07:42] "GET /images/events/annakut/1.jpg HTTP/1.1" 404 -
::1 - - [22/Feb/2026 16:07:42] code 404, message File not found
::1 - - [22/Feb/2026 16:07:42] "GET /images/events/annakut/2.jpg HTTP/1.1" 404 -
::1 - - [22/Feb/2026 16:07:42] code 404, message File not found
::1 - - [22/Feb/2026 16:07:42] "GET /images/events/womensconference/1.jpg HTTP/1.1" 404 -
::1 - - [22/Feb/2026 16:07:42] code 404, message File not found
::1 - - [22/Feb/2026 16:07:42] "GET /images/events/annakut/3.jpg HTTP/1.1" 404 -
::1 - - [22/Feb/2026 16:07:42] code 404, message File not found
::1 - - [22/Feb/2026 16:07:42] "GET /images/events/womensconference/2.jpg HTTP/1.1" 404 -
::1 - - [22/Feb/2026 16:07:42] code 404, message File not found
::1 - - [22/Feb/2026 16:07:42] "GET /images/events/womensconference/3.jpg HTTP/1.1" 404 -
::1 - - [22/Feb/2026 16:07:50] "GET / HTTP/1.1" 304 -
::1 - - [22/Feb/2026 16:07:50] code 404, message File not found
::1 - - [22/Feb/2026 16:07:50] "GET /.well-known/appspecific/com.chrome.devtools.json HTTP/1.1" 404 -
::1 - - [22/Feb/2026 16:07:50] "GET /css/styles.css?v=3.1 HTTP/1.1" 200 -
::1 - - [22/Feb/2026 16:07:50] code 404, message File not found
::1 - - [22/Feb/2026 16:07:50] "GET /images/events/mahapuja/1.jpg HTTP/1.1" 404 -
::1 - - [22/Feb/2026 16:07:50] code 404, message File not found
::1 - - [22/Feb/2026 16:07:50] "GET /images/events/mahapuja/2.jpg HTTP/1.1" 404 -
::1 - - [22/Feb/2026 16:07:50] code 404, message File not found
::1 - - [22/Feb/2026 16:07:50] "GET /images/events/mahapuja/3.jpg HTTP/1.1" 404 -
::1 - - [22/Feb/2026 16:07:50] code 404, message File not found
::1 - - [22/Feb/2026 16:07:50] "GET /images/events/annakut/1.jpg HTTP/1.1" 404 -
::1 - - [22/Feb/2026 16:07:50] code 404, message File not found
::1 - - [22/Feb/2026 16:07:50] code 404, message File not found
::1 - - [22/Feb/2026 16:07:50] code 404, message File not found
::1 - - [22/Feb/2026 16:07:50] "GET /images/events/annakut/2.jpg HTTP/1.1" 404 -
::1 - - [22/Feb/2026 16:07:50] "GET /images/events/womensconference/1.jpg HTTP/1.1" 404 -
::1 - - [22/Feb/2026 16:07:50] "GET /images/events/annakut/3.jpg HTTP/1.1" 404 -
::1 - - [22/Feb/2026 16:07:50] code 404, message File not found
::1 - - [22/Feb/2026 16:07:50] "GET /images/events/womensconference/2.jpg HTTP/1.1" 404 -
::1 - - [22/Feb/2026 16:07:50] code 404, message File not found
::1 - - [22/Feb/2026 16:07:50] "GET /images/events/womensconference/3.jpg HTTP/1.1" 404 -
::1 - - [22/Feb/2026 16:08:37] "GET / HTTP/1.1" 200 -
::1 - - [22/Feb/2026 16:08:38] code 404, message File not found
::1 - - [22/Feb/2026 16:08:38] "GET /.well-known/appspecific/com.chrome.devtools.json HTTP/1.1" 404 -
::1 - - [22/Feb/2026 16:08:38] "GET /css/styles.css?v=3.2 HTTP/1.1" 200 -
::1 - - [22/Feb/2026 16:08:38] code 404, message File not found
::1 - - [22/Feb/2026 16:08:38] "GET /images/events/mahapuja/1.jpg HTTP/1.1" 404 -
::1 - - [22/Feb/2026 16:08:38] code 404, message File not found
::1 - - [22/Feb/2026 16:08:38] "GET /images/events/mahapuja/2.jpg HTTP/1.1" 404 -
::1 - - [22/Feb/2026 16:08:38] code 404, message File not found
::1 - - [22/Feb/2026 16:08:38] "GET /images/events/mahapuja/3.jpg HTTP/1.1" 404 -
::1 - - [22/Feb/2026 16:08:38] code 404, message File not found
::1 - - [22/Feb/2026 16:08:38] "GET /images/events/annakut/1.jpg HTTP/1.1" 404 -
::1 - - [22/Feb/2026 16:08:38] code 404, message File not found
::1 - - [22/Feb/2026 16:08:38] code 404, message File not found
::1 - - [22/Feb/2026 16:08:38] "GET /images/events/annakut/2.jpg HTTP/1.1" 404 -
::1 - - [22/Feb/2026 16:08:38] "GET /images/events/annakut/3.jpg HTTP/1.1" 404 -
::1 - - [22/Feb/2026 16:08:38] code 404, message File not found
::1 - - [22/Feb/2026 16:08:38] code 404, message File not found
::1 - - [22/Feb/2026 16:08:38] "GET /images/events/womensconference/2.jpg HTTP/1.1" 404 -
::1 - - [22/Feb/2026 16:08:38] "GET /images/events/womensconference/3.jpg HTTP/1.1" 404 -
::1 - - [22/Feb/2026 16:08:38] code 404, message File not found
::1 - - [22/Feb/2026 16:08:38] "GET /images/events/womensconference/1.jpg HTTP/1.1" 404 -
::1 - - [22/Feb/2026 16:08:39] "GET / HTTP/1.1" 304 -
::1 - - [22/Feb/2026 16:08:39] code 404, message File not found
::1 - - [22/Feb/2026 16:08:39] "GET /.well-known/appspecific/com.chrome.devtools.json HTTP/1.1" 404 -
::1 - - [22/Feb/2026 16:08:39] "GET /css/styles.css?v=3.2 HTTP/1.1" 304 -
::1 - - [22/Feb/2026 16:08:39] code 404, message File not found
::1 - - [22/Feb/2026 16:08:39] "GET /images/events/mahapuja/1.jpg HTTP/1.1" 404 -
::1 - - [22/Feb/2026 16:08:39] code 404, message File not found
::1 - - [22/Feb/2026 16:08:39] "GET /images/events/mahapuja/2.jpg HTTP/1.1" 404 -
::1 - - [22/Feb/2026 16:08:39] code 404, message File not found
::1 - - [22/Feb/2026 16:08:39] "GET /images/events/mahapuja/3.jpg HTTP/1.1" 404 -
::1 - - [22/Feb/2026 16:08:39] code 404, message File not found
::1 - - [22/Feb/2026 16:08:39] "GET /images/events/annakut/1.jpg HTTP/1.1" 404 -
::1 - - [22/Feb/2026 16:08:39] code 404, message File not found
::1 - - [22/Feb/2026 16:08:39] code 404, message File not found
::1 - - [22/Feb/2026 16:08:39] code 404, message File not found
::1 - - [22/Feb/2026 16:08:39] code 404, message File not found
::1 - - [22/Feb/2026 16:08:39] "GET /images/events/womensconference/1.jpg HTTP/1.1" 404 -
::1 - - [22/Feb/2026 16:08:39] "GET /images/events/womensconference/2.jpg HTTP/1.1" 404 -
::1 - - [22/Feb/2026 16:08:39] "GET /images/events/annakut/3.jpg HTTP/1.1" 404 -
::1 - - [22/Feb/2026 16:08:39] code 404, message File not found
::1 - - [22/Feb/2026 16:08:39] "GET /images/events/annakut/2.jpg HTTP/1.1" 404 -
::1 - - [22/Feb/2026 16:08:39] "GET /images/events/womensconference/3.jpg HTTP/1.1" 404 -
::1 - - [22/Feb/2026 16:08:40] "GET / HTTP/1.1" 304 -
::1 - - [22/Feb/2026 16:08:40] code 404, message File not found
::1 - - [22/Feb/2026 16:08:40] "GET /.well-known/appspecific/com.chrome.devtools.json HTTP/1.1" 404 -
::1 - - [22/Feb/2026 16:08:40] "GET /css/styles.css?v=3.2 HTTP/1.1" 304 -
::1 - - [22/Feb/2026 16:08:40] code 404, message File not found
::1 - - [22/Feb/2026 16:08:40] "GET /images/events/mahapuja/1.jpg HTTP/1.1" 404 -
::1 - - [22/Feb/2026 16:08:40] code 404, message File not found
::1 - - [22/Feb/2026 16:08:40] code 404, message File not found
::1 - - [22/Feb/2026 16:08:40] "GET /images/events/mahapuja/3.jpg HTTP/1.1" 404 -
::1 - - [22/Feb/2026 16:08:40] "GET /images/events/mahapuja/2.jpg HTTP/1.1" 404 -
::1 - - [22/Feb/2026 16:08:40] code 404, message File not found
::1 - - [22/Feb/2026 16:08:40] "GET /images/events/annakut/2.jpg HTTP/1.1" 404 -
::1 - - [22/Feb/2026 16:08:40] code 404, message File not found
::1 - - [22/Feb/2026 16:08:40] "GET /images/events/annakut/1.jpg HTTP/1.1" 404 -
::1 - - [22/Feb/2026 16:08:40] code 404, message File not found
::1 - - [22/Feb/2026 16:08:40] code 404, message File not found
::1 - - [22/Feb/2026 16:08:40] "GET /images/events/annakut/3.jpg HTTP/1.1" 404 -
::1 - - [22/Feb/2026 16:08:40] code 404, message File not found
::1 - - [22/Feb/2026 16:08:40] "GET /images/events/womensconference/1.jpg HTTP/1.1" 404 -
::1 - - [22/Feb/2026 16:08:40] "GET /images/events/womensconference/2.jpg HTTP/1.1" 404 -
::1 - - [22/Feb/2026 16:08:40] code 404, message File not found
::1 - - [22/Feb/2026 16:08:40] "GET /images/events/womensconference/3.jpg HTTP/1.1" 404 -
::1 - - [22/Feb/2026 16:08:42] "GET / HTTP/1.1" 304 -
::1 - - [22/Feb/2026 16:08:42] code 404, message File not found
::1 - - [22/Feb/2026 16:08:42] "GET /.well-known/appspecific/com.chrome.devtools.json HTTP/1.1" 404 -
::1 - - [22/Feb/2026 16:08:42] "GET /css/styles.css?v=3.2 HTTP/1.1" 304 -
::1 - - [22/Feb/2026 16:08:42] code 404, message File not found
::1 - - [22/Feb/2026 16:08:42] "GET /images/events/mahapuja/1.jpg HTTP/1.1" 404 -
::1 - - [22/Feb/2026 16:08:42] code 404, message File not found
::1 - - [22/Feb/2026 16:08:42] "GET /images/events/mahapuja/2.jpg HTTP/1.1" 404 -
::1 - - [22/Feb/2026 16:08:42] code 404, message File not found
::1 - - [22/Feb/2026 16:08:42] "GET /images/events/mahapuja/3.jpg HTTP/1.1" 404 -
::1 - - [22/Feb/2026 16:08:42] code 404, message File not found
::1 - - [22/Feb/2026 16:08:42] "GET /images/events/annakut/1.jpg HTTP/1.1" 404 -
::1 - - [22/Feb/2026 16:08:42] code 404, message File not found
::1 - - [22/Feb/2026 16:08:42] "GET /images/events/annakut/2.jpg HTTP/1.1" 404 -
::1 - - [22/Feb/2026 16:08:42] code 404, message File not found
::1 - - [22/Feb/2026 16:08:42] "GET /images/events/annakut/3.jpg HTTP/1.1" 404 -
::1 - - [22/Feb/2026 16:08:42] code 404, message File not found
::1 - - [22/Feb/2026 16:08:42] code 404, message File not found
::1 - - [22/Feb/2026 16:08:42] "GET /images/events/womensconference/2.jpg HTTP/1.1" 404 -
::1 - - [22/Feb/2026 16:08:42] "GET /images/events/womensconference/1.jpg HTTP/1.1" 404 -
::1 - - [22/Feb/2026 16:08:42] code 404, message File not found
::1 - - [22/Feb/2026 16:08:42] "GET /images/events/womensconference/3.jpg HTTP/1.1" 404 -
::1 - - [22/Feb/2026 16:08:43] "GET / HTTP/1.1" 304 -
::1 - - [22/Feb/2026 16:08:43] code 404, message File not found
::1 - - [22/Feb/2026 16:08:43] "GET /.well-known/appspecific/com.chrome.devtools.json HTTP/1.1" 404 -
::1 - - [22/Feb/2026 16:08:43] "GET /css/styles.css?v=3.2 HTTP/1.1" 304 -
::1 - - [22/Feb/2026 16:08:43] code 404, message File not found
::1 - - [22/Feb/2026 16:08:43] "GET /images/events/mahapuja/1.jpg HTTP/1.1" 404 -
::1 - - [22/Feb/2026 16:08:43] code 404, message File not found
::1 - - [22/Feb/2026 16:08:43] code 404, message File not found
::1 - - [22/Feb/2026 16:08:43] "GET /images/events/mahapuja/2.jpg HTTP/1.1" 404 -
::1 - - [22/Feb/2026 16:08:43] "GET /images/events/mahapuja/3.jpg HTTP/1.1" 404 -
::1 - - [22/Feb/2026 16:08:43] code 404, message File not found
::1 - - [22/Feb/2026 16:08:43] code 404, message File not found
::1 - - [22/Feb/2026 16:08:43] code 404, message File not found
::1 - - [22/Feb/2026 16:08:43] "GET /images/events/annakut/3.jpg HTTP/1.1" 404 -
::1 - - [22/Feb/2026 16:08:43] "GET /images/events/annakut/1.jpg HTTP/1.1" 404 -
::1 - - [22/Feb/2026 16:08:43] "GET /images/events/annakut/2.jpg HTTP/1.1" 404 -
::1 - - [22/Feb/2026 16:08:43] code 404, message File not found
::1 - - [22/Feb/2026 16:08:43] code 404, message File not found
::1 - - [22/Feb/2026 16:08:43] code 404, message File not found
::1 - - [22/Feb/2026 16:08:43] "GET /images/events/womensconference/3.jpg HTTP/1.1" 404 -
::1 - - [22/Feb/2026 16:08:43] "GET /images/events/womensconference/2.jpg HTTP/1.1" 404 -
::1 - - [22/Feb/2026 16:08:43] "GET /images/events/womensconference/1.jpg HTTP/1.1" 404 -
::1 - - [22/Feb/2026 16:08:44] "GET / HTTP/1.1" 304 -
::1 - - [22/Feb/2026 16:08:44] code 404, message File not found
::1 - - [22/Feb/2026 16:08:44] "GET /.well-known/appspecific/com.chrome.devtools.json HTTP/1.1" 404 -
::1 - - [22/Feb/2026 16:08:44] "GET /css/styles.css?v=3.2 HTTP/1.1" 304 -
::1 - - [22/Feb/2026 16:08:44] code 404, message File not found
::1 - - [22/Feb/2026 16:08:44] "GET /images/events/mahapuja/1.jpg HTTP/1.1" 404 -
::1 - - [22/Feb/2026 16:08:44] code 404, message File not found
::1 - - [22/Feb/2026 16:08:44] "GET /images/events/mahapuja/2.jpg HTTP/1.1" 404 -
::1 - - [22/Feb/2026 16:08:44] code 404, message File not found
::1 - - [22/Feb/2026 16:08:44] "GET /images/events/mahapuja/3.jpg HTTP/1.1" 404 -
::1 - - [22/Feb/2026 16:08:44] code 404, message File not found
::1 - - [22/Feb/2026 16:08:44] code 404, message File not found
::1 - - [22/Feb/2026 16:08:44] "GET /images/events/annakut/1.jpg HTTP/1.1" 404 -
::1 - - [22/Feb/2026 16:08:44] "GET /images/events/annakut/2.jpg HTTP/1.1" 404 -
::1 - - [22/Feb/2026 16:08:44] code 404, message File not found
::1 - - [22/Feb/2026 16:08:44] code 404, message File not found
::1 - - [22/Feb/2026 16:08:44] code 404, message File not found
::1 - - [22/Feb/2026 16:08:44] "GET /images/events/annakut/3.jpg HTTP/1.1" 404 -
::1 - - [22/Feb/2026 16:08:44] code 404, message File not found
::1 - - [22/Feb/2026 16:08:44] "GET /images/events/womensconference/1.jpg HTTP/1.1" 404 -
::1 - - [22/Feb/2026 16:08:44] "GET /images/events/womensconference/2.jpg HTTP/1.1" 404 -
::1 - - [22/Feb/2026 16:08:44] "GET /images/events/womensconference/3.jpg HTTP/1.1" 404 -
::1 - - [22/Feb/2026 16:08:48] "GET / HTTP/1.1" 304 -
::1 - - [22/Feb/2026 16:08:48] code 404, message File not found
::1 - - [22/Feb/2026 16:08:48] "GET /.well-known/appspecific/com.chrome.devtools.json HTTP/1.1" 404 -
::1 - - [22/Feb/2026 16:08:48] "GET /css/styles.css?v=3.2 HTTP/1.1" 200 -
::1 - - [22/Feb/2026 16:08:48] code 404, message File not found
::1 - - [22/Feb/2026 16:08:48] "GET /images/events/mahapuja/1.jpg HTTP/1.1" 404 -
::1 - - [22/Feb/2026 16:08:48] code 404, message File not found
::1 - - [22/Feb/2026 16:08:48] "GET /images/events/mahapuja/2.jpg HTTP/1.1" 404 -
::1 - - [22/Feb/2026 16:08:48] code 404, message File not found
::1 - - [22/Feb/2026 16:08:48] "GET /images/events/mahapuja/3.jpg HTTP/1.1" 404 -
::1 - - [22/Feb/2026 16:08:48] code 404, message File not found
::1 - - [22/Feb/2026 16:08:48] "GET /images/events/annakut/1.jpg HTTP/1.1" 404 -
::1 - - [22/Feb/2026 16:08:48] code 404, message File not found
::1 - - [22/Feb/2026 16:08:48] "GET /images/events/annakut/3.jpg HTTP/1.1" 404 -
::1 - - [22/Feb/2026 16:08:48] code 404, message File not found
::1 - - [22/Feb/2026 16:08:48] code 404, message File not found
::1 - - [22/Feb/2026 16:08:48] "GET /images/events/womensconference/2.jpg HTTP/1.1" 404 -
::1 - - [22/Feb/2026 16:08:48] code 404, message File not found
::1 - - [22/Feb/2026 16:08:48] code 404, message File not found
::1 - - [22/Feb/2026 16:08:48] "GET /images/events/womensconference/1.jpg HTTP/1.1" 404 -
::1 - - [22/Feb/2026 16:08:48] "GET /images/events/womensconference/3.jpg HTTP/1.1" 404 -
::1 - - [22/Feb/2026 16:08:48] "GET /images/events/annakut/2.jpg HTTP/1.1" 404 -
::1 - - [22/Feb/2026 16:08:49] "GET / HTTP/1.1" 304 -
::1 - - [22/Feb/2026 16:08:49] code 404, message File not found
::1 - - [22/Feb/2026 16:08:49] "GET /.well-known/appspecific/com.chrome.devtools.json HTTP/1.1" 404 -
::1 - - [22/Feb/2026 16:08:49] code 404, message File not found
::1 - - [22/Feb/2026 16:08:49] "GET /css/styles.css?v=3.2 HTTP/1.1" 304 -
::1 - - [22/Feb/2026 16:08:49] "GET /images/events/mahapuja/1.jpg HTTP/1.1" 404 -
::1 - - [22/Feb/2026 16:08:49] code 404, message File not found
::1 - - [22/Feb/2026 16:08:49] "GET /images/events/mahapuja/2.jpg HTTP/1.1" 404 -
::1 - - [22/Feb/2026 16:08:49] code 404, message File not found
::1 - - [22/Feb/2026 16:08:49] "GET /images/events/mahapuja/3.jpg HTTP/1.1" 404 -
::1 - - [22/Feb/2026 16:08:49] code 404, message File not found
::1 - - [22/Feb/2026 16:08:49] code 404, message File not found
::1 - - [22/Feb/2026 16:08:49] "GET /images/events/annakut/2.jpg HTTP/1.1" 404 -
::1 - - [22/Feb/2026 16:08:49] code 404, message File not found
::1 - - [22/Feb/2026 16:08:49] code 404, message File not found
::1 - - [22/Feb/2026 16:08:49] "GET /images/events/annakut/1.jpg HTTP/1.1" 404 -
::1 - - [22/Feb/2026 16:08:49] "GET /images/events/annakut/3.jpg HTTP/1.1" 404 -
::1 - - [22/Feb/2026 16:08:49] "GET /images/events/womensconference/2.jpg HTTP/1.1" 404 -
::1 - - [22/Feb/2026 16:08:49] code 404, message File not found
::1 - - [22/Feb/2026 16:08:49] code 404, message File not found
::1 - - [22/Feb/2026 16:08:49] "GET /images/events/womensconference/3.jpg HTTP/1.1" 404 -
::1 - - [22/Feb/2026 16:08:49] "GET /images/events/womensconference/1.jpg HTTP/1.1" 404 -
::1 - - [22/Feb/2026 16:08:56] "GET / HTTP/1.1" 304 -
::1 - - [22/Feb/2026 16:08:56] code 404, message File not found
::1 - - [22/Feb/2026 16:08:56] "GET /.well-known/appspecific/com.chrome.devtools.json HTTP/1.1" 404 -
::1 - - [22/Feb/2026 16:08:56] "GET /css/styles.css?v=3.2 HTTP/1.1" 304 -
::1 - - [22/Feb/2026 16:08:56] code 404, message File not found
::1 - - [22/Feb/2026 16:08:56] "GET /images/events/mahapuja/1.jpg HTTP/1.1" 404 -
::1 - - [22/Feb/2026 16:08:56] code 404, message File not found
::1 - - [22/Feb/2026 16:08:56] "GET /images/events/mahapuja/3.jpg HTTP/1.1" 404 -
::1 - - [22/Feb/2026 16:08:56] code 404, message File not found
::1 - - [22/Feb/2026 16:08:56] "GET /images/events/mahapuja/2.jpg HTTP/1.1" 404 -
::1 - - [22/Feb/2026 16:08:56] code 404, message File not found
::1 - - [22/Feb/2026 16:08:56] "GET /images/events/annakut/1.jpg HTTP/1.1" 404 -
::1 - - [22/Feb/2026 16:08:56] code 404, message File not found
::1 - - [22/Feb/2026 16:08:56] "GET /images/events/annakut/2.jpg HTTP/1.1" 404 -
::1 - - [22/Feb/2026 16:08:56] code 404, message File not found
::1 - - [22/Feb/2026 16:08:56] "GET /images/events/annakut/3.jpg HTTP/1.1" 404 -
::1 - - [22/Feb/2026 16:08:56] code 404, message File not found
::1 - - [22/Feb/2026 16:08:56] "GET /images/events/womensconference/1.jpg HTTP/1.1" 404 -
::1 - - [22/Feb/2026 16:08:56] code 404, message File not found
::1 - - [22/Feb/2026 16:08:56] "GET /images/events/womensconference/2.jpg HTTP/1.1" 404 -
::1 - - [22/Feb/2026 16:08:56] code 404, message File not found
::1 - - [22/Feb/2026 16:08:56] "GET /images/events/womensconference/3.jpg HTTP/1.1" 404 -
::1 - - [22/Feb/2026 16:08:57] "GET / HTTP/1.1" 304 -
::1 - - [22/Feb/2026 16:08:57] code 404, message File not found
::1 - - [22/Feb/2026 16:08:57] "GET /.well-known/appspecific/com.chrome.devtools.json HTTP/1.1" 404 -
::1 - - [22/Feb/2026 16:08:57] "GET /css/styles.css?v=3.2 HTTP/1.1" 304 -
::1 - - [22/Feb/2026 16:08:57] code 404, message File not found
::1 - - [22/Feb/2026 16:08:57] "GET /images/events/mahapuja/1.jpg HTTP/1.1" 404 -
::1 - - [22/Feb/2026 16:08:57] code 404, message File not found
::1 - - [22/Feb/2026 16:08:57] "GET /images/events/mahapuja/2.jpg HTTP/1.1" 404 -
::1 - - [22/Feb/2026 16:08:57] code 404, message File not found
::1 - - [22/Feb/2026 16:08:57] code 404, message File not found
::1 - - [22/Feb/2026 16:08:57] code 404, message File not found
::1 - - [22/Feb/2026 16:08:57] code 404, message File not found
::1 - - [22/Feb/2026 16:08:57] "GET /images/events/mahapuja/3.jpg HTTP/1.1" 404 -
::1 - - [22/Feb/2026 16:08:57] "GET /images/events/annakut/1.jpg HTTP/1.1" 404 -
::1 - - [22/Feb/2026 16:08:57] "GET /images/events/annakut/2.jpg HTTP/1.1" 404 -
::1 - - [22/Feb/2026 16:08:57] "GET /images/events/annakut/3.jpg HTTP/1.1" 404 -
::1 - - [22/Feb/2026 16:08:57] code 404, message File not found
::1 - - [22/Feb/2026 16:08:57] code 404, message File not found
::1 - - [22/Feb/2026 16:08:57] "GET /images/events/womensconference/2.jpg HTTP/1.1" 404 -
::1 - - [22/Feb/2026 16:08:57] "GET /images/events/womensconference/1.jpg HTTP/1.1" 404 -
::1 - - [22/Feb/2026 16:08:57] code 404, message File not found
::1 - - [22/Feb/2026 16:08:57] "GET /images/events/womensconference/3.jpg HTTP/1.1" 404 -
::1 - - [22/Feb/2026 16:09:11] "GET / HTTP/1.1" 304 -
::1 - - [22/Feb/2026 16:09:11] code 404, message File not found
::1 - - [22/Feb/2026 16:09:11] "GET /.well-known/appspecific/com.chrome.devtools.json HTTP/1.1" 404 -
::1 - - [22/Feb/2026 16:09:11] code 404, message File not found
::1 - - [22/Feb/2026 16:09:11] "GET /css/styles.css?v=3.2 HTTP/1.1" 200 -
::1 - - [22/Feb/2026 16:09:11] "GET /images/events/mahapuja/1.jpg HTTP/1.1" 404 -
::1 - - [22/Feb/2026 16:09:11] code 404, message File not found
::1 - - [22/Feb/2026 16:09:11] "GET /images/events/mahapuja/3.jpg HTTP/1.1" 404 -
::1 - - [22/Feb/2026 16:09:11] code 404, message File not found
::1 - - [22/Feb/2026 16:09:11] "GET /images/events/mahapuja/2.jpg HTTP/1.1" 404 -
::1 - - [22/Feb/2026 16:09:11] code 404, message File not found
::1 - - [22/Feb/2026 16:09:11] code 404, message File not found
::1 - - [22/Feb/2026 16:09:11] "GET /images/events/annakut/2.jpg HTTP/1.1" 404 -
::1 - - [22/Feb/2026 16:09:11] "GET /images/events/annakut/3.jpg HTTP/1.1" 404 -
::1 - - [22/Feb/2026 16:09:11] code 404, message File not found
::1 - - [22/Feb/2026 16:09:11] code 404, message File not found
::1 - - [22/Feb/2026 16:09:11] code 404, message File not found
::1 - - [22/Feb/2026 16:09:11] "GET /images/events/womensconference/3.jpg HTTP/1.1" 404 -
::1 - - [22/Feb/2026 16:09:11] "GET /images/events/womensconference/1.jpg HTTP/1.1" 404 -
::1 - - [22/Feb/2026 16:09:11] code 404, message File not found
::1 - - [22/Feb/2026 16:09:11] "GET /images/events/annakut/1.jpg HTTP/1.1" 404 -
::1 - - [22/Feb/2026 16:09:11] "GET /images/events/womensconference/2.jpg HTTP/1.1" 404 -
::1 - - [22/Feb/2026 16:09:12] "GET / HTTP/1.1" 304 -
::1 - - [22/Feb/2026 16:09:12] code 404, message File not found
::1 - - [22/Feb/2026 16:09:12] "GET /.well-known/appspecific/com.chrome.devtools.json HTTP/1.1" 404 -
::1 - - [22/Feb/2026 16:09:12] "GET /css/styles.css?v=3.2 HTTP/1.1" 304 -
::1 - - [22/Feb/2026 16:09:12] code 404, message File not found
::1 - - [22/Feb/2026 16:09:12] "GET /images/events/mahapuja/1.jpg HTTP/1.1" 404 -
::1 - - [22/Feb/2026 16:09:12] code 404, message File not found
::1 - - [22/Feb/2026 16:09:12] "GET /images/events/mahapuja/3.jpg HTTP/1.1" 404 -
::1 - - [22/Feb/2026 16:09:12] code 404, message File not found
::1 - - [22/Feb/2026 16:09:12] "GET /images/events/mahapuja/2.jpg HTTP/1.1" 404 -
::1 - - [22/Feb/2026 16:09:12] code 404, message File not found
::1 - - [22/Feb/2026 16:09:12] "GET /images/events/annakut/2.jpg HTTP/1.1" 404 -
::1 - - [22/Feb/2026 16:09:12] code 404, message File not found
::1 - - [22/Feb/2026 16:09:12] "GET /images/events/annakut/1.jpg HTTP/1.1" 404 -
::1 - - [22/Feb/2026 16:09:12] code 404, message File not found
::1 - - [22/Feb/2026 16:09:12] "GET /images/events/annakut/3.jpg HTTP/1.1" 404 -
::1 - - [22/Feb/2026 16:09:12] code 404, message File not found
::1 - - [22/Feb/2026 16:09:12] code 404, message File not found
::1 - - [22/Feb/2026 16:09:12] "GET /images/events/womensconference/1.jpg HTTP/1.1" 404 -
::1 - - [22/Feb/2026 16:09:12] "GET /images/events/womensconference/2.jpg HTTP/1.1" 404 -
::1 - - [22/Feb/2026 16:09:12] code 404, message File not found
::1 - - [22/Feb/2026 16:09:12] "GET /images/events/womensconference/3.jpg HTTP/1.1" 404 -
::1 - - [22/Feb/2026 16:09:29] "GET / HTTP/1.1" 304 -
::1 - - [22/Feb/2026 16:09:29] code 404, message File not found
::1 - - [22/Feb/2026 16:09:29] "GET /.well-known/appspecific/com.chrome.devtools.json HTTP/1.1" 404 -
::1 - - [22/Feb/2026 16:09:29] "GET /css/styles.css?v=3.2 HTTP/1.1" 200 -
::1 - - [22/Feb/2026 16:09:29] code 404, message File not found
::1 - - [22/Feb/2026 16:09:29] "GET /images/events/mahapuja/1.jpg HTTP/1.1" 404 -
::1 - - [22/Feb/2026 16:09:29] code 404, message File not found
::1 - - [22/Feb/2026 16:09:29] "GET /images/events/mahapuja/2.jpg HTTP/1.1" 404 -
::1 - - [22/Feb/2026 16:09:29] code 404, message File not found
::1 - - [22/Feb/2026 16:09:29] "GET /images/events/mahapuja/3.jpg HTTP/1.1" 404 -
::1 - - [22/Feb/2026 16:09:29] code 404, message File not found
::1 - - [22/Feb/2026 16:09:29] code 404, message File not found
::1 - - [22/Feb/2026 16:09:29] code 404, message File not found
::1 - - [22/Feb/2026 16:09:29] "GET /images/events/annakut/2.jpg HTTP/1.1" 404 -
::1 - - [22/Feb/2026 16:09:29] "GET /images/events/annakut/3.jpg HTTP/1.1" 404 -
::1 - - [22/Feb/2026 16:09:29] code 404, message File not found
::1 - - [22/Feb/2026 16:09:29] code 404, message File not found
::1 - - [22/Feb/2026 16:09:29] code 404, message File not found
::1 - - [22/Feb/2026 16:09:29] "GET /images/events/annakut/1.jpg HTTP/1.1" 404 -
::1 - - [22/Feb/2026 16:09:29] "GET /images/events/womensconference/1.jpg HTTP/1.1" 404 -
::1 - - [22/Feb/2026 16:09:29] "GET /images/events/womensconference/2.jpg HTTP/1.1" 404 -
::1 - - [22/Feb/2026 16:09:29] "GET /images/events/womensconference/3.jpg HTTP/1.1" 404 -
::1 - - [22/Feb/2026 16:10:09] "GET / HTTP/1.1" 200 -
::1 - - [22/Feb/2026 16:10:09] code 404, message File not found
::1 - - [22/Feb/2026 16:10:09] "GET /.well-known/appspecific/com.chrome.devtools.json HTTP/1.1" 404 -
::1 - - [22/Feb/2026 16:10:09] "GET /css/styles.css?v=3.3 HTTP/1.1" 200 -
::1 - - [22/Feb/2026 16:10:09] code 404, message File not found
::1 - - [22/Feb/2026 16:10:09] "GET /images/events/mahapuja/1.jpg HTTP/1.1" 404 -
::1 - - [22/Feb/2026 16:10:09] code 404, message File not found
::1 - - [22/Feb/2026 16:10:09] "GET /images/events/mahapuja/2.jpg HTTP/1.1" 404 -
::1 - - [22/Feb/2026 16:10:09] code 404, message File not found
::1 - - [22/Feb/2026 16:10:09] "GET /images/events/mahapuja/3.jpg HTTP/1.1" 404 -
::1 - - [22/Feb/2026 16:10:09] code 404, message File not found
::1 - - [22/Feb/2026 16:10:09] "GET /images/events/annakut/1.jpg HTTP/1.1" 404 -
::1 - - [22/Feb/2026 16:10:09] code 404, message File not found
::1 - - [22/Feb/2026 16:10:09] "GET /images/events/annakut/2.jpg HTTP/1.1" 404 -
::1 - - [22/Feb/2026 16:10:09] code 404, message File not found
::1 - - [22/Feb/2026 16:10:09] "GET /images/events/annakut/3.jpg HTTP/1.1" 404 -
::1 - - [22/Feb/2026 16:10:09] code 404, message File not found
::1 - - [22/Feb/2026 16:10:09] "GET /images/events/womensconference/1.jpg HTTP/1.1" 404 -
::1 - - [22/Feb/2026 16:10:09] code 404, message File not found
::1 - - [22/Feb/2026 16:10:09] "GET /images/events/womensconference/2.jpg HTTP/1.1" 404 -
::1 - - [22/Feb/2026 16:10:09] code 404, message File not found
::1 - - [22/Feb/2026 16:10:09] "GET /images/events/womensconference/3.jpg HTTP/1.1" 404 -
::1 - - [22/Feb/2026 16:10:10] "GET / HTTP/1.1" 304 -
::1 - - [22/Feb/2026 16:10:10] code 404, message File not found
::1 - - [22/Feb/2026 16:10:10] "GET /.well-known/appspecific/com.chrome.devtools.json HTTP/1.1" 404 -
::1 - - [22/Feb/2026 16:10:10] "GET /css/styles.css?v=3.3 HTTP/1.1" 304 -
::1 - - [22/Feb/2026 16:10:10] code 404, message File not found
::1 - - [22/Feb/2026 16:10:10] "GET /images/events/mahapuja/1.jpg HTTP/1.1" 404 -
::1 - - [22/Feb/2026 16:10:10] code 404, message File not found
::1 - - [22/Feb/2026 16:10:10] "GET /images/events/mahapuja/2.jpg HTTP/1.1" 404 -
::1 - - [22/Feb/2026 16:10:10] code 404, message File not found
::1 - - [22/Feb/2026 16:10:10] "GET /images/events/mahapuja/3.jpg HTTP/1.1" 404 -
::1 - - [22/Feb/2026 16:10:10] code 404, message File not found
::1 - - [22/Feb/2026 16:10:10] "GET /images/events/annakut/1.jpg HTTP/1.1" 404 -
::1 - - [22/Feb/2026 16:10:10] code 404, message File not found
::1 - - [22/Feb/2026 16:10:10] "GET /images/events/annakut/2.jpg HTTP/1.1" 404 -
::1 - - [22/Feb/2026 16:10:10] code 404, message File not found
::1 - - [22/Feb/2026 16:10:10] "GET /images/events/annakut/3.jpg HTTP/1.1" 404 -
::1 - - [22/Feb/2026 16:10:10] code 404, message File not found
::1 - - [22/Feb/2026 16:10:10] code 404, message File not found
::1 - - [22/Feb/2026 16:10:10] "GET /images/events/womensconference/1.jpg HTTP/1.1" 404 -
::1 - - [22/Feb/2026 16:10:10] "GET /images/events/womensconference/3.jpg HTTP/1.1" 404 -
::1 - - [22/Feb/2026 16:10:10] code 404, message File not found
::1 - - [22/Feb/2026 16:10:10] "GET /images/events/womensconference/2.jpg HTTP/1.1" 404 -
::1 - - [22/Feb/2026 16:10:27] "GET / HTTP/1.1" 304 -
::1 - - [22/Feb/2026 16:10:27] code 404, message File not found
::1 - - [22/Feb/2026 16:10:27] "GET /.well-known/appspecific/com.chrome.devtools.json HTTP/1.1" 404 -
::1 - - [22/Feb/2026 16:10:27] "GET /css/styles.css?v=3.3 HTTP/1.1" 200 -
::1 - - [22/Feb/2026 16:10:27] code 404, message File not found
::1 - - [22/Feb/2026 16:10:27] "GET /images/events/mahapuja/1.jpg HTTP/1.1" 404 -
::1 - - [22/Feb/2026 16:10:27] code 404, message File not found
::1 - - [22/Feb/2026 16:10:27] "GET /images/events/mahapuja/2.jpg HTTP/1.1" 404 -
::1 - - [22/Feb/2026 16:10:27] code 404, message File not found
::1 - - [22/Feb/2026 16:10:27] "GET /images/events/mahapuja/3.jpg HTTP/1.1" 404 -
::1 - - [22/Feb/2026 16:10:27] code 404, message File not found
::1 - - [22/Feb/2026 16:10:27] code 404, message File not found
::1 - - [22/Feb/2026 16:10:27] code 404, message File not found
::1 - - [22/Feb/2026 16:10:27] code 404, message File not found
::1 - - [22/Feb/2026 16:10:27] "GET /images/events/annakut/2.jpg HTTP/1.1" 404 -
::1 - - [22/Feb/2026 16:10:27] "GET /images/events/womensconference/1.jpg HTTP/1.1" 404 -
::1 - - [22/Feb/2026 16:10:27] "GET /images/events/annakut/1.jpg HTTP/1.1" 404 -
::1 - - [22/Feb/2026 16:10:27] code 404, message File not found
::1 - - [22/Feb/2026 16:10:27] "GET /images/events/womensconference/3.jpg HTTP/1.1" 404 -
::1 - - [22/Feb/2026 16:10:27] code 404, message File not found
::1 - - [22/Feb/2026 16:10:27] "GET /images/events/annakut/3.jpg HTTP/1.1" 404 -
::1 - - [22/Feb/2026 16:10:27] "GET /images/events/womensconference/2.jpg HTTP/1.1" 404 -
::1 - - [22/Feb/2026 16:10:28] "GET / HTTP/1.1" 200 -
::1 - - [22/Feb/2026 16:10:28] code 404, message File not found
::1 - - [22/Feb/2026 16:10:28] "GET /.well-known/appspecific/com.chrome.devtools.json HTTP/1.1" 404 -
::1 - - [22/Feb/2026 16:10:28] "GET /css/styles.css?v=3.4 HTTP/1.1" 200 -
::1 - - [22/Feb/2026 16:10:28] code 404, message File not found
::1 - - [22/Feb/2026 16:10:28] "GET /images/events/mahapuja/1.jpg HTTP/1.1" 404 -
::1 - - [22/Feb/2026 16:10:28] code 404, message File not found
::1 - - [22/Feb/2026 16:10:28] code 404, message File not found
::1 - - [22/Feb/2026 16:10:28] "GET /images/events/mahapuja/3.jpg HTTP/1.1" 404 -
::1 - - [22/Feb/2026 16:10:28] "GET /images/events/mahapuja/2.jpg HTTP/1.1" 404 -
::1 - - [22/Feb/2026 16:10:28] code 404, message File not found
::1 - - [22/Feb/2026 16:10:28] "GET /images/events/annakut/2.jpg HTTP/1.1" 404 -
::1 - - [22/Feb/2026 16:10:28] code 404, message File not found
::1 - - [22/Feb/2026 16:10:28] code 404, message File not found
::1 - - [22/Feb/2026 16:10:28] code 404, message File not found
::1 - - [22/Feb/2026 16:10:28] code 404, message File not found
::1 - - [22/Feb/2026 16:10:28] "GET /images/events/womensconference/2.jpg HTTP/1.1" 404 -
::1 - - [22/Feb/2026 16:10:28] "GET /images/events/womensconference/1.jpg HTTP/1.1" 404 -
::1 - - [22/Feb/2026 16:10:28] "GET /images/events/annakut/3.jpg HTTP/1.1" 404 -
::1 - - [22/Feb/2026 16:10:28] code 404, message File not found
::1 - - [22/Feb/2026 16:10:28] "GET /images/events/annakut/1.jpg HTTP/1.1" 404 -
::1 - - [22/Feb/2026 16:10:28] "GET /images/events/womensconference/3.jpg HTTP/1.1" 404 -
::1 - - [22/Feb/2026 16:10:29] "GET / HTTP/1.1" 304 -
::1 - - [22/Feb/2026 16:10:29] code 404, message File not found
::1 - - [22/Feb/2026 16:10:29] "GET /.well-known/appspecific/com.chrome.devtools.json HTTP/1.1" 404 -
::1 - - [22/Feb/2026 16:10:29] "GET /css/styles.css?v=3.4 HTTP/1.1" 304 -
::1 - - [22/Feb/2026 16:10:29] code 404, message File not found
::1 - - [22/Feb/2026 16:10:29] "GET /images/events/mahapuja/1.jpg HTTP/1.1" 404 -
::1 - - [22/Feb/2026 16:10:29] code 404, message File not found
::1 - - [22/Feb/2026 16:10:29] "GET /images/events/mahapuja/2.jpg HTTP/1.1" 404 -
::1 - - [22/Feb/2026 16:10:29] code 404, message File not found
::1 - - [22/Feb/2026 16:10:29] "GET /images/events/mahapuja/3.jpg HTTP/1.1" 404 -
::1 - - [22/Feb/2026 16:10:29] code 404, message File not found
::1 - - [22/Feb/2026 16:10:29] "GET /images/events/annakut/1.jpg HTTP/1.1" 404 -
::1 - - [22/Feb/2026 16:10:29] code 404, message File not found
::1 - - [22/Feb/2026 16:10:29] "GET /images/events/annakut/3.jpg HTTP/1.1" 404 -
::1 - - [22/Feb/2026 16:10:29] code 404, message File not found
::1 - - [22/Feb/2026 16:10:29] "GET /images/events/annakut/2.jpg HTTP/1.1" 404 -
::1 - - [22/Feb/2026 16:10:29] code 404, message File not found
::1 - - [22/Feb/2026 16:10:29] code 404, message File not found
::1 - - [22/Feb/2026 16:10:29] "GET /images/events/womensconference/2.jpg HTTP/1.1" 404 -
::1 - - [22/Feb/2026 16:10:29] code 404, message File not found
::1 - - [22/Feb/2026 16:10:29] "GET /images/events/womensconference/3.jpg HTTP/1.1" 404 -
::1 - - [22/Feb/2026 16:10:29] "GET /images/events/womensconference/1.jpg HTTP/1.1" 404 -
::1 - - [22/Feb/2026 16:10:30] "GET / HTTP/1.1" 304 -
::1 - - [22/Feb/2026 16:10:30] code 404, message File not found
::1 - - [22/Feb/2026 16:10:30] "GET /.well-known/appspecific/com.chrome.devtools.json HTTP/1.1" 404 -
::1 - - [22/Feb/2026 16:10:30] "GET /css/styles.css?v=3.4 HTTP/1.1" 304 -
::1 - - [22/Feb/2026 16:10:30] code 404, message File not found
::1 - - [22/Feb/2026 16:10:30] "GET /images/events/mahapuja/1.jpg HTTP/1.1" 404 -
::1 - - [22/Feb/2026 16:10:30] code 404, message File not found
::1 - - [22/Feb/2026 16:10:30] "GET /images/events/mahapuja/2.jpg HTTP/1.1" 404 -
::1 - - [22/Feb/2026 16:10:30] code 404, message File not found
::1 - - [22/Feb/2026 16:10:30] "GET /images/events/mahapuja/3.jpg HTTP/1.1" 404 -
::1 - - [22/Feb/2026 16:10:30] code 404, message File not found
::1 - - [22/Feb/2026 16:10:30] code 404, message File not found
::1 - - [22/Feb/2026 16:10:30] "GET /images/events/annakut/1.jpg HTTP/1.1" 404 -
::1 - - [22/Feb/2026 16:10:30] code 404, message File not found
::1 - - [22/Feb/2026 16:10:30] "GET /images/events/womensconference/1.jpg HTTP/1.1" 404 -
::1 - - [22/Feb/2026 16:10:30] "GET /images/events/annakut/2.jpg HTTP/1.1" 404 -
::1 - - [22/Feb/2026 16:10:30] code 404, message File not found
::1 - - [22/Feb/2026 16:10:30] code 404, message File not found
::1 - - [22/Feb/2026 16:10:30] code 404, message File not found
::1 - - [22/Feb/2026 16:10:30] "GET /images/events/womensconference/3.jpg HTTP/1.1" 404 -
::1 - - [22/Feb/2026 16:10:30] "GET /images/events/annakut/3.jpg HTTP/1.1" 404 -
::1 - - [22/Feb/2026 16:10:30] "GET /images/events/womensconference/2.jpg HTTP/1.1" 404 -
::1 - - [22/Feb/2026 16:10:31] "GET / HTTP/1.1" 304 -
::1 - - [22/Feb/2026 16:10:31] code 404, message File not found
::1 - - [22/Feb/2026 16:10:31] "GET /.well-known/appspecific/com.chrome.devtools.json HTTP/1.1" 404 -
::1 - - [22/Feb/2026 16:10:31] code 404, message File not found
::1 - - [22/Feb/2026 16:10:31] "GET /images/events/mahapuja/1.jpg HTTP/1.1" 404 -
::1 - - [22/Feb/2026 16:10:31] "GET /css/styles.css?v=3.4 HTTP/1.1" 304 -
::1 - - [22/Feb/2026 16:10:31] code 404, message File not found
::1 - - [22/Feb/2026 16:10:31] "GET /images/events/mahapuja/2.jpg HTTP/1.1" 404 -
::1 - - [22/Feb/2026 16:10:31] code 404, message File not found
::1 - - [22/Feb/2026 16:10:31] "GET /images/events/mahapuja/3.jpg HTTP/1.1" 404 -
::1 - - [22/Feb/2026 16:10:31] code 404, message File not found
::1 - - [22/Feb/2026 16:10:31] "GET /images/events/annakut/1.jpg HTTP/1.1" 404 -
::1 - - [22/Feb/2026 16:10:31] code 404, message File not found
::1 - - [22/Feb/2026 16:10:31] code 404, message File not found
::1 - - [22/Feb/2026 16:10:31] code 404, message File not found
::1 - - [22/Feb/2026 16:10:31] "GET /images/events/annakut/3.jpg HTTP/1.1" 404 -
::1 - - [22/Feb/2026 16:10:31] "GET /images/events/annakut/2.jpg HTTP/1.1" 404 -
::1 - - [22/Feb/2026 16:10:31] code 404, message File not found
::1 - - [22/Feb/2026 16:10:31] "GET /images/events/womensconference/2.jpg HTTP/1.1" 404 -
::1 - - [22/Feb/2026 16:10:31] "GET /images/events/womensconference/1.jpg HTTP/1.1" 404 -
::1 - - [22/Feb/2026 16:10:31] code 404, message File not found
::1 - - [22/Feb/2026 16:10:31] "GET /images/events/womensconference/3.jpg HTTP/1.1" 404 -
::1 - - [22/Feb/2026 16:10:32] "GET / HTTP/1.1" 304 -
::1 - - [22/Feb/2026 16:10:32] code 404, message File not found
::1 - - [22/Feb/2026 16:10:32] "GET /.well-known/appspecific/com.chrome.devtools.json HTTP/1.1" 404 -
::1 - - [22/Feb/2026 16:10:32] "GET /css/styles.css?v=3.4 HTTP/1.1" 304 -
::1 - - [22/Feb/2026 16:10:32] code 404, message File not found
::1 - - [22/Feb/2026 16:10:32] "GET /images/events/mahapuja/1.jpg HTTP/1.1" 404 -
::1 - - [22/Feb/2026 16:10:32] code 404, message File not found
::1 - - [22/Feb/2026 16:10:32] code 404, message File not found
::1 - - [22/Feb/2026 16:10:32] "GET /images/events/mahapuja/2.jpg HTTP/1.1" 404 -
::1 - - [22/Feb/2026 16:10:32] "GET /images/events/mahapuja/3.jpg HTTP/1.1" 404 -
::1 - - [22/Feb/2026 16:10:32] code 404, message File not found
::1 - - [22/Feb/2026 16:10:32] code 404, message File not found
::1 - - [22/Feb/2026 16:10:32] "GET /images/events/annakut/2.jpg HTTP/1.1" 404 -
::1 - - [22/Feb/2026 16:10:32] "GET /images/events/annakut/1.jpg HTTP/1.1" 404 -
::1 - - [22/Feb/2026 16:10:32] code 404, message File not found
::1 - - [22/Feb/2026 16:10:32] code 404, message File not found
::1 - - [22/Feb/2026 16:10:32] "GET /images/events/annakut/3.jpg HTTP/1.1" 404 -
::1 - - [22/Feb/2026 16:10:32] "GET /images/events/womensconference/1.jpg HTTP/1.1" 404 -
::1 - - [22/Feb/2026 16:10:32] code 404, message File not found
::1 - - [22/Feb/2026 16:10:32] "GET /images/events/womensconference/3.jpg HTTP/1.1" 404 -
::1 - - [22/Feb/2026 16:10:32] code 404, message File not found
::1 - - [22/Feb/2026 16:10:32] "GET /images/events/womensconference/2.jpg HTTP/1.1" 404 -
::1 - - [22/Feb/2026 16:10:38] "GET / HTTP/1.1" 304 -
::1 - - [22/Feb/2026 16:10:38] code 404, message File not found
::1 - - [22/Feb/2026 16:10:38] "GET /.well-known/appspecific/com.chrome.devtools.json HTTP/1.1" 404 -
::1 - - [22/Feb/2026 16:10:38] "GET /css/styles.css?v=3.4 HTTP/1.1" 304 -
::1 - - [22/Feb/2026 16:10:38] code 404, message File not found
::1 - - [22/Feb/2026 16:10:38] "GET /images/events/mahapuja/1.jpg HTTP/1.1" 404 -
::1 - - [22/Feb/2026 16:10:38] code 404, message File not found
::1 - - [22/Feb/2026 16:10:38] "GET /images/events/mahapuja/2.jpg HTTP/1.1" 404 -
::1 - - [22/Feb/2026 16:10:38] code 404, message File not found
::1 - - [22/Feb/2026 16:10:38] "GET /images/events/mahapuja/3.jpg HTTP/1.1" 404 -
::1 - - [22/Feb/2026 16:10:38] code 404, message File not found
::1 - - [22/Feb/2026 16:10:38] code 404, message File not found
::1 - - [22/Feb/2026 16:10:38] "GET /images/events/annakut/1.jpg HTTP/1.1" 404 -
::1 - - [22/Feb/2026 16:10:38] "GET /images/events/annakut/2.jpg HTTP/1.1" 404 -
::1 - - [22/Feb/2026 16:10:38] code 404, message File not found
::1 - - [22/Feb/2026 16:10:38] code 404, message File not found
::1 - - [22/Feb/2026 16:10:38] code 404, message File not found
::1 - - [22/Feb/2026 16:10:38] code 404, message File not found
::1 - - [22/Feb/2026 16:10:38] "GET /images/events/annakut/3.jpg HTTP/1.1" 404 -
::1 - - [22/Feb/2026 16:10:38] "GET /images/events/womensconference/2.jpg HTTP/1.1" 404 -
::1 - - [22/Feb/2026 16:10:38] "GET /images/events/womensconference/3.jpg HTTP/1.1" 404 -
::1 - - [22/Feb/2026 16:10:38] "GET /images/events/womensconference/1.jpg HTTP/1.1" 404 -
::1 - - [22/Feb/2026 16:10:54] "GET / HTTP/1.1" 200 -
::1 - - [22/Feb/2026 16:10:54] code 404, message File not found
::1 - - [22/Feb/2026 16:10:54] "GET /.well-known/appspecific/com.chrome.devtools.json HTTP/1.1" 404 -
::1 - - [22/Feb/2026 16:10:54] "GET /css/styles.css?v=3.4 HTTP/1.1" 304 -
::1 - - [22/Feb/2026 16:10:54] code 404, message File not found
::1 - - [22/Feb/2026 16:10:54] "GET /images/events/mahapuja/1.jpg HTTP/1.1" 404 -
::1 - - [22/Feb/2026 16:10:54] code 404, message File not found
::1 - - [22/Feb/2026 16:10:54] code 404, message File not found
::1 - - [22/Feb/2026 16:10:54] "GET /images/events/mahapuja/2.jpg HTTP/1.1" 404 -
::1 - - [22/Feb/2026 16:10:54] "GET /images/events/mahapuja/3.jpg HTTP/1.1" 404 -
::1 - - [22/Feb/2026 16:10:54] code 404, message File not found
::1 - - [22/Feb/2026 16:10:54] "GET /images/events/annakut/1.jpg HTTP/1.1" 404 -
::1 - - [22/Feb/2026 16:10:54] code 404, message File not found
::1 - - [22/Feb/2026 16:10:54] code 404, message File not found
::1 - - [22/Feb/2026 16:10:54] "GET /images/events/womensconference/1.jpg HTTP/1.1" 404 -
::1 - - [22/Feb/2026 16:10:54] code 404, message File not found
::1 - - [22/Feb/2026 16:10:54] code 404, message File not found
::1 - - [22/Feb/2026 16:10:54] "GET /images/events/annakut/2.jpg HTTP/1.1" 404 -
::1 - - [22/Feb/2026 16:10:54] code 404, message File not found
::1 - - [22/Feb/2026 16:10:54] "GET /images/events/womensconference/3.jpg HTTP/1.1" 404 -
::1 - - [22/Feb/2026 16:10:54] "GET /images/events/annakut/3.jpg HTTP/1.1" 404 -
::1 - - [22/Feb/2026 16:10:54] "GET /images/events/womensconference/2.jpg HTTP/1.1" 404 -
::1 - - [22/Feb/2026 16:11:10] "GET / HTTP/1.1" 304 -
::1 - - [22/Feb/2026 16:11:10] code 404, message File not found
::1 - - [22/Feb/2026 16:11:10] "GET /.well-known/appspecific/com.chrome.devtools.json HTTP/1.1" 404 -
::1 - - [22/Feb/2026 16:11:10] "GET /css/styles.css?v=3.4 HTTP/1.1" 200 -
::1 - - [22/Feb/2026 16:11:10] code 404, message File not found
::1 - - [22/Feb/2026 16:11:10] "GET /images/events/mahapuja/1.jpg HTTP/1.1" 404 -
::1 - - [22/Feb/2026 16:11:10] code 404, message File not found
::1 - - [22/Feb/2026 16:11:10] code 404, message File not found
::1 - - [22/Feb/2026 16:11:10] "GET /images/events/mahapuja/3.jpg HTTP/1.1" 404 -
::1 - - [22/Feb/2026 16:11:10] "GET /images/events/mahapuja/2.jpg HTTP/1.1" 404 -
::1 - - [22/Feb/2026 16:11:10] code 404, message File not found
::1 - - [22/Feb/2026 16:11:10] code 404, message File not found
::1 - - [22/Feb/2026 16:11:10] "GET /images/events/annakut/3.jpg HTTP/1.1" 404 -
::1 - - [22/Feb/2026 16:11:10] "GET /images/events/annakut/1.jpg HTTP/1.1" 404 -
::1 - - [22/Feb/2026 16:11:10] code 404, message File not found
::1 - - [22/Feb/2026 16:11:10] code 404, message File not found
::1 - - [22/Feb/2026 16:11:10] "GET /images/events/womensconference/2.jpg HTTP/1.1" 404 -
::1 - - [22/Feb/2026 16:11:10] "GET /images/events/annakut/2.jpg HTTP/1.1" 404 -
::1 - - [22/Feb/2026 16:11:10] code 404, message File not found
::1 - - [22/Feb/2026 16:11:10] "GET /images/events/womensconference/3.jpg HTTP/1.1" 404 -
::1 - - [22/Feb/2026 16:11:10] code 404, message File not found
::1 - - [22/Feb/2026 16:11:10] "GET /images/events/womensconference/1.jpg HTTP/1.1" 404 -
::1 - - [22/Feb/2026 16:11:17] "GET / HTTP/1.1" 200 -
::1 - - [22/Feb/2026 16:11:17] "GET /css/styles.css?v=3.4 HTTP/1.1" 200 -
::1 - - [22/Feb/2026 16:11:17] code 404, message File not found
::1 - - [22/Feb/2026 16:11:17] code 404, message File not found
::1 - - [22/Feb/2026 16:11:17] "GET /.well-known/appspecific/com.chrome.devtools.json HTTP/1.1" 404 -
::1 - - [22/Feb/2026 16:11:17] "GET /images/events/mahapuja/1.jpg HTTP/1.1" 404 -
::1 - - [22/Feb/2026 16:11:17] code 404, message File not found
::1 - - [22/Feb/2026 16:11:17] "GET /images/events/mahapuja/2.jpg HTTP/1.1" 404 -
::1 - - [22/Feb/2026 16:11:17] code 404, message File not found
::1 - - [22/Feb/2026 16:11:17] code 404, message File not found
::1 - - [22/Feb/2026 16:11:17] "GET /images/events/mahapuja/3.jpg HTTP/1.1" 404 -
::1 - - [22/Feb/2026 16:11:17] "GET /images/events/annakut/1.jpg HTTP/1.1" 404 -
::1 - - [22/Feb/2026 16:11:17] code 404, message File not found
::1 - - [22/Feb/2026 16:11:17] code 404, message File not found
::1 - - [22/Feb/2026 16:11:17] "GET /images/events/annakut/3.jpg HTTP/1.1" 404 -
::1 - - [22/Feb/2026 16:11:17] "GET /images/events/womensconference/1.jpg HTTP/1.1" 404 -
::1 - - [22/Feb/2026 16:11:17] code 404, message File not found
::1 - - [22/Feb/2026 16:11:17] code 404, message File not found
::1 - - [22/Feb/2026 16:11:17] "GET /images/events/womensconference/2.jpg HTTP/1.1" 404 -
::1 - - [22/Feb/2026 16:11:17] "GET /images/events/womensconference/3.jpg HTTP/1.1" 404 -
::1 - - [22/Feb/2026 16:11:17] code 404, message File not found
::1 - - [22/Feb/2026 16:11:17] "GET /images/events/annakut/2.jpg HTTP/1.1" 404 -
::1 - - [22/Feb/2026 16:11:25] "GET / HTTP/1.1" 304 -
::1 - - [22/Feb/2026 16:11:25] "GET /css/styles.css?v=3.4 HTTP/1.1" 304 -
::1 - - [22/Feb/2026 16:11:25] code 404, message File not found
::1 - - [22/Feb/2026 16:11:25] "GET /images/events/mahapuja/1.jpg HTTP/1.1" 404 -
::1 - - [22/Feb/2026 16:11:25] code 404, message File not found
::1 - - [22/Feb/2026 16:11:25] code 404, message File not found
::1 - - [22/Feb/2026 16:11:25] "GET /images/events/mahapuja/2.jpg HTTP/1.1" 404 -
::1 - - [22/Feb/2026 16:11:25] code 404, message File not found
::1 - - [22/Feb/2026 16:11:25] "GET /images/events/mahapuja/3.jpg HTTP/1.1" 404 -
::1 - - [22/Feb/2026 16:11:25] code 404, message File not found
::1 - - [22/Feb/2026 16:11:25] code 404, message File not found
::1 - - [22/Feb/2026 16:11:25] "GET /images/events/annakut/3.jpg HTTP/1.1" 404 -
::1 - - [22/Feb/2026 16:11:25] code 404, message File not found
::1 - - [22/Feb/2026 16:11:25] "GET /images/events/annakut/2.jpg HTTP/1.1" 404 -
::1 - - [22/Feb/2026 16:11:25] code 404, message File not found
::1 - - [22/Feb/2026 16:11:25] "GET /images/events/womensconference/2.jpg HTTP/1.1" 404 -
::1 - - [22/Feb/2026 16:11:25] "GET /images/events/womensconference/1.jpg HTTP/1.1" 404 -
::1 - - [22/Feb/2026 16:11:25] "GET /images/events/annakut/1.jpg HTTP/1.1" 404 -
::1 - - [22/Feb/2026 16:11:25] code 404, message File not found
::1 - - [22/Feb/2026 16:11:25] "GET /images/events/womensconference/3.jpg HTTP/1.1" 404 -
::1 - - [22/Feb/2026 16:11:27] "GET /css/styles.css?v=3.4 HTTP/1.1" 304 -
::1 - - [22/Feb/2026 16:11:27] code 404, message File not found
::1 - - [22/Feb/2026 16:11:27] "GET /.well-known/appspecific/com.chrome.devtools.json HTTP/1.1" 404 -
